SF:/Users/kentishi/rust_webapi/crates/domain/src/model/item.rs
FN:15,_RNvNtNtNtCsaDmO1IsOFPn_6domain5model4item5testss_18test_item_creation
FN:28,_RNvNtNtNtCsaDmO1IsOFPn_6domain5model4item5testss_29test_item_without_description
FNDA:1,_RNvNtNtNtCsaDmO1IsOFPn_6domain5model4item5testss_18test_item_creation
FNDA:1,_RNvNtNtNtCsaDmO1IsOFPn_6domain5model4item5testss_29test_item_without_description
FNF:2
FNH:2
DA:15,1
DA:16,1
DA:17,1
DA:18,1
DA:19,1
DA:20,1
DA:21,1
DA:22,1
DA:23,1
DA:24,1
DA:25,1
DA:28,1
DA:29,1
DA:30,1
DA:31,1
DA:32,1
DA:33,1
DA:34,1
DA:35,1
DA:36,1
DA:37,1
DA:38,1
BRF:0
BRH:0
LF:22
LH:22
end_of_record
SF:/Users/kentishi/rust_webapi/crates/domain/src/model/user.rs
FN:15,_RNvNtNtNtCsaDmO1IsOFPn_6domain5model4user5testss_18test_user_creation
FN:28,_RNvNtNtNtCsaDmO1IsOFPn_6domain5model4user5testss_18test_user_equality
FNDA:1,_RNvNtNtNtCsaDmO1IsOFPn_6domain5model4user5testss_18test_user_creation
FNDA:1,_RNvNtNtNtCsaDmO1IsOFPn_6domain5model4user5testss_18test_user_equality
FNF:2
FNH:2
DA:15,1
DA:16,1
DA:17,1
DA:18,1
DA:19,1
DA:20,1
DA:21,1
DA:22,1
DA:23,1
DA:24,1
DA:25,1
DA:28,1
DA:29,1
DA:30,1
DA:31,1
DA:32,1
DA:33,1
DA:34,1
DA:35,1
DA:36,1
DA:37,1
DA:38,1
DA:39,1
DA:40,1
DA:41,1
DA:42,1
DA:43,1
DA:44,1
DA:45,1
DA:46,1
DA:47,1
DA:48,1
DA:49,1
BRF:0
BRH:0
LF:33
LH:33
end_of_record
SF:/Users/kentishi/rust_webapi/crates/domain/src/repository/item_repository.rs
FN:22,_RINvMs4_NtNtNtNtCsaDmO1IsOFPn_6domain10repository15item_repository34___mock_MockItemRepo_ItemRepository10___find_allNtB6_6Common5timespEBe_
FN:22,_RINvMs4_NtNtNtNtCsaDmO1IsOFPn_6domain10repository15item_repository34___mock_MockItemRepo_ItemRepository10___find_allNtB6_6Common5withfpEBe_
FN:22,_RINvMs4_NtNtNtNtCsaDmO1IsOFPn_6domain10repository15item_repository34___mock_MockItemRepo_ItemRepository10___find_allNtB6_6Common8withf_stpEBe_
FN:22,_RINvMs4_NtNtNtNtCsaDmO1IsOFPn_6domain10repository15item_repository34___mock_MockItemRepo_ItemRepository12___find_by_idNtB6_6Common5timespEBe_
FN:22,_RINvMs4_NtNtNtNtCsaDmO1IsOFPn_6domain10repository15item_repository34___mock_MockItemRepo_ItemRepository12___find_by_idNtB6_6Common5withfpEBe_
FN:22,_RINvMs4_NtNtNtNtCsaDmO1IsOFPn_6domain10repository15item_repository34___mock_MockItemRepo_ItemRepository12___find_by_idNtB6_6Common8withf_stpEBe_
FN:22,_RINvMs4_NtNtNtNtCsaDmO1IsOFPn_6domain10repository15item_repository34___mock_MockItemRepo_ItemRepository8___createNtB6_6Common5timespEBe_
FN:22,_RINvMs4_NtNtNtNtCsaDmO1IsOFPn_6domain10repository15item_repository34___mock_MockItemRepo_ItemRepository8___createNtB6_6Common5withfpEBe_
FN:22,_RINvMs4_NtNtNtNtCsaDmO1IsOFPn_6domain10repository15item_repository34___mock_MockItemRepo_ItemRepository8___createNtB6_6Common8withf_stpEBe_
FN:22,_RINvMs4_NtNtNtNtCsaDmO1IsOFPn_6domain10repository15item_repository34___mock_MockItemRepo_ItemRepository8___deleteNtB6_6Common5timespEBe_
FN:22,_RINvMs4_NtNtNtNtCsaDmO1IsOFPn_6domain10repository15item_repository34___mock_MockItemRepo_ItemRepository8___deleteNtB6_6Common5withfpEBe_
FN:22,_RINvMs4_NtNtNtNtCsaDmO1IsOFPn_6domain10repository15item_repository34___mock_MockItemRepo_ItemRepository8___deleteNtB6_6Common8withf_stpEBe_
FN:22,_RINvMs4_NtNtNtNtCsaDmO1IsOFPn_6domain10repository15item_repository34___mock_MockItemRepo_ItemRepository8___updateNtB6_6Common5timespEBe_
FN:22,_RINvMs4_NtNtNtNtCsaDmO1IsOFPn_6domain10repository15item_repository34___mock_MockItemRepo_ItemRepository8___updateNtB6_6Common5withfpEBe_
FN:22,_RINvMs4_NtNtNtNtCsaDmO1IsOFPn_6domain10repository15item_repository34___mock_MockItemRepo_ItemRepository8___updateNtB6_6Common8withf_stpEBe_
FN:32,_RINvMs6_NtNtNtNtCsaDmO1IsOFPn_6domain10repository15item_repository34___mock_MockItemRepo_ItemRepository10___find_allNtB6_11Expectation12return_constpEBe_
FN:22,_RINvMs6_NtNtNtNtCsaDmO1IsOFPn_6domain10repository15item_repository34___mock_MockItemRepo_ItemRepository10___find_allNtB6_11Expectation12returning_stpEBe_
FN:22,_RINvMs6_NtNtNtNtCsaDmO1IsOFPn_6domain10repository15item_repository34___mock_MockItemRepo_ItemRepository10___find_allNtB6_11Expectation14return_once_stpEBe_
FN:32,_RINvMs6_NtNtNtNtCsaDmO1IsOFPn_6domain10repository15item_repository34___mock_MockItemRepo_ItemRepository10___find_allNtB6_11Expectation15return_const_stpEBe_
FN:22,_RINvMs6_NtNtNtNtCsaDmO1IsOFPn_6domain10repository15item_repository34___mock_MockItemRepo_ItemRepository10___find_allNtB6_11Expectation5timespEBe_
FN:22,_RINvMs6_NtNtNtNtCsaDmO1IsOFPn_6domain10repository15item_repository34___mock_MockItemRepo_ItemRepository10___find_allNtB6_11Expectation5withfpEBe_
FN:22,_RINvMs6_NtNtNtNtCsaDmO1IsOFPn_6domain10repository15item_repository34___mock_MockItemRepo_ItemRepository10___find_allNtB6_11Expectation8withf_stpEBe_
FN:22,_RINvMs6_NtNtNtNtCsaDmO1IsOFPn_6domain10repository15item_repository34___mock_MockItemRepo_ItemRepository10___find_allNtB6_11Expectation9returningpEBe_
FN:32,_RINvMs6_NtNtNtNtCsaDmO1IsOFPn_6domain10repository15item_repository34___mock_MockItemRepo_ItemRepository12___find_by_idNtB6_11Expectation12return_constpEBe_
FN:22,_RINvMs6_NtNtNtNtCsaDmO1IsOFPn_6domain10repository15item_repository34___mock_MockItemRepo_ItemRepository12___find_by_idNtB6_11Expectation12returning_stpEBe_
FN:22,_RINvMs6_NtNtNtNtCsaDmO1IsOFPn_6domain10repository15item_repository34___mock_MockItemRepo_ItemRepository12___find_by_idNtB6_11Expectation14return_once_stpEBe_
FN:32,_RINvMs6_NtNtNtNtCsaDmO1IsOFPn_6domain10repository15item_repository34___mock_MockItemRepo_ItemRepository12___find_by_idNtB6_11Expectation15return_const_stpEBe_
FN:22,_RINvMs6_NtNtNtNtCsaDmO1IsOFPn_6domain10repository15item_repository34___mock_MockItemRepo_ItemRepository12___find_by_idNtB6_11Expectation5timespEBe_
FN:22,_RINvMs6_NtNtNtNtCsaDmO1IsOFPn_6domain10repository15item_repository34___mock_MockItemRepo_ItemRepository12___find_by_idNtB6_11Expectation5withfpEBe_
FN:22,_RINvMs6_NtNtNtNtCsaDmO1IsOFPn_6domain10repository15item_repository34___mock_MockItemRepo_ItemRepository12___find_by_idNtB6_11Expectation8withf_stpEBe_
FN:22,_RINvMs6_NtNtNtNtCsaDmO1IsOFPn_6domain10repository15item_repository34___mock_MockItemRepo_ItemRepository12___find_by_idNtB6_11Expectation9returningpEBe_
FN:32,_RINvMs6_NtNtNtNtCsaDmO1IsOFPn_6domain10repository15item_repository34___mock_MockItemRepo_ItemRepository8___createNtB6_11Expectation12return_constpEBe_
FN:22,_RINvMs6_NtNtNtNtCsaDmO1IsOFPn_6domain10repository15item_repository34___mock_MockItemRepo_ItemRepository8___createNtB6_11Expectation12returning_stpEBe_
FN:22,_RINvMs6_NtNtNtNtCsaDmO1IsOFPn_6domain10repository15item_repository34___mock_MockItemRepo_ItemRepository8___createNtB6_11Expectation14return_once_stpEBe_
FN:32,_RINvMs6_NtNtNtNtCsaDmO1IsOFPn_6domain10repository15item_repository34___mock_MockItemRepo_ItemRepository8___createNtB6_11Expectation15return_const_stpEBe_
FN:22,_RINvMs6_NtNtNtNtCsaDmO1IsOFPn_6domain10repository15item_repository34___mock_MockItemRepo_ItemRepository8___createNtB6_11Expectation5timespEBe_
FN:22,_RINvMs6_NtNtNtNtCsaDmO1IsOFPn_6domain10repository15item_repository34___mock_MockItemRepo_ItemRepository8___createNtB6_11Expectation5withfpEBe_
FN:22,_RINvMs6_NtNtNtNtCsaDmO1IsOFPn_6domain10repository15item_repository34___mock_MockItemRepo_ItemRepository8___createNtB6_11Expectation8withf_stpEBe_
FN:22,_RINvMs6_NtNtNtNtCsaDmO1IsOFPn_6domain10repository15item_repository34___mock_MockItemRepo_ItemRepository8___createNtB6_11Expectation9returningpEBe_
FN:32,_RINvMs6_NtNtNtNtCsaDmO1IsOFPn_6domain10repository15item_repository34___mock_MockItemRepo_ItemRepository8___deleteNtB6_11Expectation12return_constpEBe_
FN:22,_RINvMs6_NtNtNtNtCsaDmO1IsOFPn_6domain10repository15item_repository34___mock_MockItemRepo_ItemRepository8___deleteNtB6_11Expectation12returning_stpEBe_
FN:22,_RINvMs6_NtNtNtNtCsaDmO1IsOFPn_6domain10repository15item_repository34___mock_MockItemRepo_ItemRepository8___deleteNtB6_11Expectation14return_once_stpEBe_
FN:32,_RINvMs6_NtNtNtNtCsaDmO1IsOFPn_6domain10repository15item_repository34___mock_MockItemRepo_ItemRepository8___deleteNtB6_11Expectation15return_const_stpEBe_
FN:22,_RINvMs6_NtNtNtNtCsaDmO1IsOFPn_6domain10repository15item_repository34___mock_MockItemRepo_ItemRepository8___deleteNtB6_11Expectation5timespEBe_
FN:22,_RINvMs6_NtNtNtNtCsaDmO1IsOFPn_6domain10repository15item_repository34___mock_MockItemRepo_ItemRepository8___deleteNtB6_11Expectation5withfpEBe_
FN:22,_RINvMs6_NtNtNtNtCsaDmO1IsOFPn_6domain10repository15item_repository34___mock_MockItemRepo_ItemRepository8___deleteNtB6_11Expectation8withf_stpEBe_
FN:22,_RINvMs6_NtNtNtNtCsaDmO1IsOFPn_6domain10repository15item_repository34___mock_MockItemRepo_ItemRepository8___deleteNtB6_11Expectation9returningpEBe_
FN:32,_RINvMs6_NtNtNtNtCsaDmO1IsOFPn_6domain10repository15item_repository34___mock_MockItemRepo_ItemRepository8___updateNtB6_11Expectation12return_constpEBe_
FN:22,_RINvMs6_NtNtNtNtCsaDmO1IsOFPn_6domain10repository15item_repository34___mock_MockItemRepo_ItemRepository8___updateNtB6_11Expectation12returning_stpEBe_
FN:22,_RINvMs6_NtNtNtNtCsaDmO1IsOFPn_6domain10repository15item_repository34___mock_MockItemRepo_ItemRepository8___updateNtB6_11Expectation14return_once_stpEBe_
FN:32,_RINvMs6_NtNtNtNtCsaDmO1IsOFPn_6domain10repository15item_repository34___mock_MockItemRepo_ItemRepository8___updateNtB6_11Expectation15return_const_stpEBe_
FN:22,_RINvMs6_NtNtNtNtCsaDmO1IsOFPn_6domain10repository15item_repository34___mock_MockItemRepo_ItemRepository8___updateNtB6_11Expectation5timespEBe_
FN:22,_RINvMs6_NtNtNtNtCsaDmO1IsOFPn_6domain10repository15item_repository34___mock_MockItemRepo_ItemRepository8___updateNtB6_11Expectation5withfpEBe_
FN:22,_RINvMs6_NtNtNtNtCsaDmO1IsOFPn_6domain10repository15item_repository34___mock_MockItemRepo_ItemRepository8___updateNtB6_11Expectation8withf_stpEBe_
FN:22,_RINvMs6_NtNtNtNtCsaDmO1IsOFPn_6domain10repository15item_repository34___mock_MockItemRepo_ItemRepository8___updateNtB6_11Expectation9returningpEBe_
FN:22,_RNCINvMs6_NtNtNtNtCsaDmO1IsOFPn_6domain10repository15item_repository34___mock_MockItemRepo_ItemRepository10___find_allNtB8_11Expectation12return_constpE0Bg_
FN:22,_RNCINvMs6_NtNtNtNtCsaDmO1IsOFPn_6domain10repository15item_repository34___mock_MockItemRepo_ItemRepository10___find_allNtB8_11Expectation15return_const_stpE0Bg_
FN:22,_RNCINvMs6_NtNtNtNtCsaDmO1IsOFPn_6domain10repository15item_repository34___mock_MockItemRepo_ItemRepository12___find_by_idNtB8_11Expectation12return_constpE0Bg_
FN:22,_RNCINvMs6_NtNtNtNtCsaDmO1IsOFPn_6domain10repository15item_repository34___mock_MockItemRepo_ItemRepository12___find_by_idNtB8_11Expectation15return_const_stpE0Bg_
FN:22,_RNCINvMs6_NtNtNtNtCsaDmO1IsOFPn_6domain10repository15item_repository34___mock_MockItemRepo_ItemRepository8___createNtB8_11Expectation12return_constpE0Bg_
FN:22,_RNCINvMs6_NtNtNtNtCsaDmO1IsOFPn_6domain10repository15item_repository34___mock_MockItemRepo_ItemRepository8___createNtB8_11Expectation15return_const_stpE0Bg_
FN:22,_RNCINvMs6_NtNtNtNtCsaDmO1IsOFPn_6domain10repository15item_repository34___mock_MockItemRepo_ItemRepository8___deleteNtB8_11Expectation12return_constpE0Bg_
FN:22,_RNCINvMs6_NtNtNtNtCsaDmO1IsOFPn_6domain10repository15item_repository34___mock_MockItemRepo_ItemRepository8___deleteNtB8_11Expectation15return_const_stpE0Bg_
FN:22,_RNCINvMs6_NtNtNtNtCsaDmO1IsOFPn_6domain10repository15item_repository34___mock_MockItemRepo_ItemRepository8___updateNtB8_11Expectation12return_constpE0Bg_
FN:22,_RNCINvMs6_NtNtNtNtCsaDmO1IsOFPn_6domain10repository15item_repository34___mock_MockItemRepo_ItemRepository8___updateNtB8_11Expectation15return_const_stpE0Bg_
FN:22,_RNvMs0_NtNtCsaDmO1IsOFPn_6domain10repository15item_repositoryNtB5_27MockItemRepo_ItemRepository10checkpoint
FN:22,_RNvMs1_NtNtCsaDmO1IsOFPn_6domain10repository15item_repositoryNtB5_12MockItemRepo10checkpoint
FN:32,_RNvMs4_NtNtNtNtCsaDmO1IsOFPn_6domain10repository15item_repository34___mock_MockItemRepo_ItemRepository10___find_allNtB5_6Common11in_sequence
FN:22,_RNvMs4_NtNtNtNtCsaDmO1IsOFPn_6domain10repository15item_repository34___mock_MockItemRepo_ItemRepository10___find_allNtB5_6Common4with
FN:22,_RNvMs4_NtNtNtNtCsaDmO1IsOFPn_6domain10repository15item_repository34___mock_MockItemRepo_ItemRepository10___find_allNtB5_6Common5never
FN:32,_RNvMs4_NtNtNtNtCsaDmO1IsOFPn_6domain10repository15item_repository34___mock_MockItemRepo_ItemRepository12___find_by_idNtB5_6Common11in_sequence
FN:22,_RNvMs4_NtNtNtNtCsaDmO1IsOFPn_6domain10repository15item_repository34___mock_MockItemRepo_ItemRepository12___find_by_idNtB5_6Common5never
FN:32,_RNvMs4_NtNtNtNtCsaDmO1IsOFPn_6domain10repository15item_repository34___mock_MockItemRepo_ItemRepository8___createNtB5_6Common11in_sequence
FN:22,_RNvMs4_NtNtNtNtCsaDmO1IsOFPn_6domain10repository15item_repository34___mock_MockItemRepo_ItemRepository8___createNtB5_6Common5never
FN:32,_RNvMs4_NtNtNtNtCsaDmO1IsOFPn_6domain10repository15item_repository34___mock_MockItemRepo_ItemRepository8___deleteNtB5_6Common11in_sequence
FN:22,_RNvMs4_NtNtNtNtCsaDmO1IsOFPn_6domain10repository15item_repository34___mock_MockItemRepo_ItemRepository8___deleteNtB5_6Common5never
FN:32,_RNvMs4_NtNtNtNtCsaDmO1IsOFPn_6domain10repository15item_repository34___mock_MockItemRepo_ItemRepository8___updateNtB5_6Common11in_sequence
FN:22,_RNvMs4_NtNtNtNtCsaDmO1IsOFPn_6domain10repository15item_repository34___mock_MockItemRepo_ItemRepository8___updateNtB5_6Common5never
FN:22,_RNvMs6_NtNtNtNtCsaDmO1IsOFPn_6domain10repository15item_repository34___mock_MockItemRepo_ItemRepository10___find_allNtB5_11Expectation11in_sequence
FN:22,_RNvMs6_NtNtNtNtCsaDmO1IsOFPn_6domain10repository15item_repository34___mock_MockItemRepo_ItemRepository10___find_allNtB5_11Expectation3new
FN:22,_RNvMs6_NtNtNtNtCsaDmO1IsOFPn_6domain10repository15item_repository34___mock_MockItemRepo_ItemRepository10___find_allNtB5_11Expectation4once
FN:22,_RNvMs6_NtNtNtNtCsaDmO1IsOFPn_6domain10repository15item_repository34___mock_MockItemRepo_ItemRepository10___find_allNtB5_11Expectation4with
FN:22,_RNvMs6_NtNtNtNtCsaDmO1IsOFPn_6domain10repository15item_repository34___mock_MockItemRepo_ItemRepository10___find_allNtB5_11Expectation5never
FN:22,_RNvMs6_NtNtNtNtCsaDmO1IsOFPn_6domain10repository15item_repository34___mock_MockItemRepo_ItemRepository12___find_by_idNtB5_11Expectation11in_sequence
FN:22,_RNvMs6_NtNtNtNtCsaDmO1IsOFPn_6domain10repository15item_repository34___mock_MockItemRepo_ItemRepository12___find_by_idNtB5_11Expectation3new
FN:22,_RNvMs6_NtNtNtNtCsaDmO1IsOFPn_6domain10repository15item_repository34___mock_MockItemRepo_ItemRepository12___find_by_idNtB5_11Expectation4once
FN:22,_RNvMs6_NtNtNtNtCsaDmO1IsOFPn_6domain10repository15item_repository34___mock_MockItemRepo_ItemRepository12___find_by_idNtB5_11Expectation5never
FN:22,_RNvMs6_NtNtNtNtCsaDmO1IsOFPn_6domain10repository15item_repository34___mock_MockItemRepo_ItemRepository8___createNtB5_11Expectation11in_sequence
FN:22,_RNvMs6_NtNtNtNtCsaDmO1IsOFPn_6domain10repository15item_repository34___mock_MockItemRepo_ItemRepository8___createNtB5_11Expectation3new
FN:22,_RNvMs6_NtNtNtNtCsaDmO1IsOFPn_6domain10repository15item_repository34___mock_MockItemRepo_ItemRepository8___createNtB5_11Expectation4once
FN:22,_RNvMs6_NtNtNtNtCsaDmO1IsOFPn_6domain10repository15item_repository34___mock_MockItemRepo_ItemRepository8___createNtB5_11Expectation5never
FN:22,_RNvMs6_NtNtNtNtCsaDmO1IsOFPn_6domain10repository15item_repository34___mock_MockItemRepo_ItemRepository8___deleteNtB5_11Expectation11in_sequence
FN:22,_RNvMs6_NtNtNtNtCsaDmO1IsOFPn_6domain10repository15item_repository34___mock_MockItemRepo_ItemRepository8___deleteNtB5_11Expectation3new
FN:22,_RNvMs6_NtNtNtNtCsaDmO1IsOFPn_6domain10repository15item_repository34___mock_MockItemRepo_ItemRepository8___deleteNtB5_11Expectation4once
FN:22,_RNvMs6_NtNtNtNtCsaDmO1IsOFPn_6domain10repository15item_repository34___mock_MockItemRepo_ItemRepository8___deleteNtB5_11Expectation5never
FN:22,_RNvMs6_NtNtNtNtCsaDmO1IsOFPn_6domain10repository15item_repository34___mock_MockItemRepo_ItemRepository8___updateNtB5_11Expectation11in_sequence
FN:22,_RNvMs6_NtNtNtNtCsaDmO1IsOFPn_6domain10repository15item_repository34___mock_MockItemRepo_ItemRepository8___updateNtB5_11Expectation3new
FN:22,_RNvMs6_NtNtNtNtCsaDmO1IsOFPn_6domain10repository15item_repository34___mock_MockItemRepo_ItemRepository8___updateNtB5_11Expectation4once
FN:22,_RNvMs6_NtNtNtNtCsaDmO1IsOFPn_6domain10repository15item_repository34___mock_MockItemRepo_ItemRepository8___updateNtB5_11Expectation5never
FN:22,_RNvMs8_NtNtNtNtCsaDmO1IsOFPn_6domain10repository15item_repository34___mock_MockItemRepo_ItemRepository10___find_allNtB5_12Expectations10checkpoint
FN:22,_RNvMs8_NtNtNtNtCsaDmO1IsOFPn_6domain10repository15item_repository34___mock_MockItemRepo_ItemRepository10___find_allNtB5_12Expectations3new
FN:22,_RNvMs8_NtNtNtNtCsaDmO1IsOFPn_6domain10repository15item_repository34___mock_MockItemRepo_ItemRepository12___find_by_idNtB5_12Expectations10checkpoint
FN:22,_RNvMs8_NtNtNtNtCsaDmO1IsOFPn_6domain10repository15item_repository34___mock_MockItemRepo_ItemRepository12___find_by_idNtB5_12Expectations3new
FN:22,_RNvMs8_NtNtNtNtCsaDmO1IsOFPn_6domain10repository15item_repository34___mock_MockItemRepo_ItemRepository8___createNtB5_12Expectations10checkpoint
FN:22,_RNvMs8_NtNtNtNtCsaDmO1IsOFPn_6domain10repository15item_repository34___mock_MockItemRepo_ItemRepository8___createNtB5_12Expectations3new
FN:22,_RNvMs8_NtNtNtNtCsaDmO1IsOFPn_6domain10repository15item_repository34___mock_MockItemRepo_ItemRepository8___deleteNtB5_12Expectations10checkpoint
FN:22,_RNvMs8_NtNtNtNtCsaDmO1IsOFPn_6domain10repository15item_repository34___mock_MockItemRepo_ItemRepository8___deleteNtB5_12Expectations3new
FN:22,_RNvMs8_NtNtNtNtCsaDmO1IsOFPn_6domain10repository15item_repository34___mock_MockItemRepo_ItemRepository8___updateNtB5_12Expectations10checkpoint
FN:22,_RNvMs8_NtNtNtNtCsaDmO1IsOFPn_6domain10repository15item_repository34___mock_MockItemRepo_ItemRepository8___updateNtB5_12Expectations3new
FN:22,_RINvMs4_NtNtNtNtCsaDmO1IsOFPn_6domain10repository15item_repository34___mock_MockItemRepo_ItemRepository8___deleteNtB6_6Common4withINtNtCs9l2CZqY40TY_10predicates3ord11EqPredicateyEEBe_
FN:22,_RINvMs6_NtNtNtNtCsaDmO1IsOFPn_6domain10repository15item_repository34___mock_MockItemRepo_ItemRepository8___deleteNtB6_11Expectation11return_onceNCNCNvNtBa_5testss_19test_delete_success00EBe_
FN:22,_RINvMs6_NtNtNtNtCsaDmO1IsOFPn_6domain10repository15item_repository34___mock_MockItemRepo_ItemRepository8___deleteNtB6_11Expectation4withINtNtCs9l2CZqY40TY_10predicates3ord11EqPredicateyEEBe_
FN:22,_RNCNvMs0_NtNtNtNtCsaDmO1IsOFPn_6domain10repository15item_repository34___mock_MockItemRepo_ItemRepository8___deleteNtB7_7Matcher7matches0Bf_
FN:32,_RNCNvMsa_NtNtNtNtCsaDmO1IsOFPn_6domain10repository15item_repository34___mock_MockItemRepo_ItemRepository8___deleteNtB7_12Expectations4call0Bf_
FN:22,_RNCNvMsa_NtNtNtNtCsaDmO1IsOFPn_6domain10repository15item_repository34___mock_MockItemRepo_ItemRepository8___deleteNtB7_12Expectations4calls_0Bf_
FN:22,_RINvMs6_NtNtNtNtCsaDmO1IsOFPn_6domain10repository15item_repository34___mock_MockItemRepo_ItemRepository10___find_allNtB6_11Expectation11return_onceNCNCNvNtBa_5testss_21test_find_all_success00EBe_
FN:22,_RNCNvMs0_NtNtNtNtCsaDmO1IsOFPn_6domain10repository15item_repository34___mock_MockItemRepo_ItemRepository10___find_allNtB7_7Matcher7matches0Bf_
FN:32,_RNCNvMsa_NtNtNtNtCsaDmO1IsOFPn_6domain10repository15item_repository34___mock_MockItemRepo_ItemRepository10___find_allNtB7_12Expectations4call0Bf_
FN:22,_RNCNvMsa_NtNtNtNtCsaDmO1IsOFPn_6domain10repository15item_repository34___mock_MockItemRepo_ItemRepository10___find_allNtB7_12Expectations4calls_0Bf_
FN:22,_RNvMs1_NtNtCsaDmO1IsOFPn_6domain10repository15item_repositoryNtB5_12MockItemRepo3new
FN:22,_RNvMs2_NtNtCsaDmO1IsOFPn_6domain10repository15item_repositoryNtB5_12MockItemRepo13expect_create
FN:22,_RNvMs2_NtNtCsaDmO1IsOFPn_6domain10repository15item_repositoryNtB5_12MockItemRepo13expect_delete
FN:22,_RNvMs2_NtNtCsaDmO1IsOFPn_6domain10repository15item_repositoryNtB5_12MockItemRepo13expect_update
FN:22,_RNvMs2_NtNtCsaDmO1IsOFPn_6domain10repository15item_repositoryNtB5_12MockItemRepo15expect_find_all
FN:22,_RNvMs2_NtNtCsaDmO1IsOFPn_6domain10repository15item_repositoryNtB5_12MockItemRepo17expect_find_by_id
FN:22,_RNvXNtNtCsaDmO1IsOFPn_6domain10repository15item_repositoryNtB2_12MockItemRepoNtNtCsfvfooZQ3Axs_4core7default7Default7default
FN:32,_RNvXs3_NtNtCsaDmO1IsOFPn_6domain10repository15item_repositoryNtB5_12MockItemRepoNtB5_14ItemRepository10find_by_id
FN:32,_RNvXs3_NtNtCsaDmO1IsOFPn_6domain10repository15item_repositoryNtB5_12MockItemRepoNtB5_14ItemRepository6create
FN:32,_RNvXs3_NtNtCsaDmO1IsOFPn_6domain10repository15item_repositoryNtB5_12MockItemRepoNtB5_14ItemRepository6delete
FN:32,_RNvXs3_NtNtCsaDmO1IsOFPn_6domain10repository15item_repositoryNtB5_12MockItemRepoNtB5_14ItemRepository6update
FN:32,_RNvXs3_NtNtCsaDmO1IsOFPn_6domain10repository15item_repositoryNtB5_12MockItemRepoNtB5_14ItemRepository8find_all
FN:22,_RNvXs_NtNtCsaDmO1IsOFPn_6domain10repository15item_repositoryNtB4_27MockItemRepo_ItemRepositoryNtNtCsfvfooZQ3Axs_4core7default7Default7default
FN:32,_RNvMNtNtNtNtCsaDmO1IsOFPn_6domain10repository15item_repository34___mock_MockItemRepo_ItemRepository8___updateNtB2_5Rfunc8call_mut
FN:32,_RNvMs0_NtNtNtNtCsaDmO1IsOFPn_6domain10repository15item_repository34___mock_MockItemRepo_ItemRepository8___updateNtB5_7Matcher7matches
FN:32,_RNvMs4_NtNtNtNtCsaDmO1IsOFPn_6domain10repository15item_repository34___mock_MockItemRepo_ItemRepository8___updateNtB5_6Common15verify_sequence
FN:32,_RNvMs4_NtNtNtNtCsaDmO1IsOFPn_6domain10repository15item_repository34___mock_MockItemRepo_ItemRepository8___updateNtB5_6Common16satisfy_sequence
FN:32,_RNvMs4_NtNtNtNtCsaDmO1IsOFPn_6domain10repository15item_repository34___mock_MockItemRepo_ItemRepository8___updateNtB5_6Common4call
FN:22,_RNvMs4_NtNtNtNtCsaDmO1IsOFPn_6domain10repository15item_repository34___mock_MockItemRepo_ItemRepository8___updateNtB5_6Common7is_done
FN:22,_RNvMs4_NtNtNtNtCsaDmO1IsOFPn_6domain10repository15item_repository34___mock_MockItemRepo_ItemRepository8___updateNtB5_6Common7matches
FN:32,_RNvMs6_NtNtNtNtCsaDmO1IsOFPn_6domain10repository15item_repository34___mock_MockItemRepo_ItemRepository8___updateNtB5_11Expectation4call
FN:22,_RNvMs6_NtNtNtNtCsaDmO1IsOFPn_6domain10repository15item_repository34___mock_MockItemRepo_ItemRepository8___updateNtB5_11Expectation7is_done
FN:22,_RNvMs6_NtNtNtNtCsaDmO1IsOFPn_6domain10repository15item_repository34___mock_MockItemRepo_ItemRepository8___updateNtB5_11Expectation7matches
FN:22,_RNvMs8_NtNtNtNtCsaDmO1IsOFPn_6domain10repository15item_repository34___mock_MockItemRepo_ItemRepository8___updateNtB5_12Expectations6expect
FN:32,_RNvMsa_NtNtNtNtCsaDmO1IsOFPn_6domain10repository15item_repository34___mock_MockItemRepo_ItemRepository8___updateNtB5_12Expectations4call
FN:22,_RNvXs1_NtNtNtNtCsaDmO1IsOFPn_6domain10repository15item_repository34___mock_MockItemRepo_ItemRepository8___updateNtB5_7MatcherNtNtCsfvfooZQ3Axs_4core7default7Default7default
FN:32,_RNvXs2_NtNtNtNtCsaDmO1IsOFPn_6domain10repository15item_repository34___mock_MockItemRepo_ItemRepository8___updateNtB5_7MatcherNtNtCsfvfooZQ3Axs_4core3fmt7Display3fmt
FN:22,_RNvXs3_NtNtNtNtCsaDmO1IsOFPn_6domain10repository15item_repository34___mock_MockItemRepo_ItemRepository8___updateNtB5_6CommonNtNtCsfvfooZQ3Axs_4core7default7Default7default
FN:22,_RNvXs7_NtNtNtNtCsaDmO1IsOFPn_6domain10repository15item_repository34___mock_MockItemRepo_ItemRepository8___updateNtB5_11ExpectationNtNtCsfvfooZQ3Axs_4core7default7Default7default
FN:22,_RNvXs9_NtNtNtNtCsaDmO1IsOFPn_6domain10repository15item_repository34___mock_MockItemRepo_ItemRepository8___updateNtB5_12ExpectationsNtNtCsfvfooZQ3Axs_4core7default7Default7default
FN:22,_RNvXs_NtNtNtNtCsaDmO1IsOFPn_6domain10repository15item_repository34___mock_MockItemRepo_ItemRepository8___updateNtB4_5RfuncNtNtCsfvfooZQ3Axs_4core7default7Default7default
FN:32,_RNvMNtNtNtNtCsaDmO1IsOFPn_6domain10repository15item_repository34___mock_MockItemRepo_ItemRepository10___find_allNtB2_5Rfunc8call_mut
FN:32,_RNvMs0_NtNtNtNtCsaDmO1IsOFPn_6domain10repository15item_repository34___mock_MockItemRepo_ItemRepository10___find_allNtB5_7Matcher7matches
FN:32,_RNvMs4_NtNtNtNtCsaDmO1IsOFPn_6domain10repository15item_repository34___mock_MockItemRepo_ItemRepository10___find_allNtB5_6Common15verify_sequence
FN:32,_RNvMs4_NtNtNtNtCsaDmO1IsOFPn_6domain10repository15item_repository34___mock_MockItemRepo_ItemRepository10___find_allNtB5_6Common16satisfy_sequence
FN:32,_RNvMs4_NtNtNtNtCsaDmO1IsOFPn_6domain10repository15item_repository34___mock_MockItemRepo_ItemRepository10___find_allNtB5_6Common4call
FN:22,_RNvMs4_NtNtNtNtCsaDmO1IsOFPn_6domain10repository15item_repository34___mock_MockItemRepo_ItemRepository10___find_allNtB5_6Common7is_done
FN:22,_RNvMs4_NtNtNtNtCsaDmO1IsOFPn_6domain10repository15item_repository34___mock_MockItemRepo_ItemRepository10___find_allNtB5_6Common7matches
FN:32,_RNvMs6_NtNtNtNtCsaDmO1IsOFPn_6domain10repository15item_repository34___mock_MockItemRepo_ItemRepository10___find_allNtB5_11Expectation4call
FN:22,_RNvMs6_NtNtNtNtCsaDmO1IsOFPn_6domain10repository15item_repository34___mock_MockItemRepo_ItemRepository10___find_allNtB5_11Expectation7is_done
FN:22,_RNvMs6_NtNtNtNtCsaDmO1IsOFPn_6domain10repository15item_repository34___mock_MockItemRepo_ItemRepository10___find_allNtB5_11Expectation7matches
FN:22,_RNvMs8_NtNtNtNtCsaDmO1IsOFPn_6domain10repository15item_repository34___mock_MockItemRepo_ItemRepository10___find_allNtB5_12Expectations6expect
FN:32,_RNvMsa_NtNtNtNtCsaDmO1IsOFPn_6domain10repository15item_repository34___mock_MockItemRepo_ItemRepository10___find_allNtB5_12Expectations4call
FN:22,_RNvXs1_NtNtNtNtCsaDmO1IsOFPn_6domain10repository15item_repository34___mock_MockItemRepo_ItemRepository10___find_allNtB5_7MatcherNtNtCsfvfooZQ3Axs_4core7default7Default7default
FN:32,_RNvXs2_NtNtNtNtCsaDmO1IsOFPn_6domain10repository15item_repository34___mock_MockItemRepo_ItemRepository10___find_allNtB5_7MatcherNtNtCsfvfooZQ3Axs_4core3fmt7Display3fmt
FN:22,_RNvXs3_NtNtNtNtCsaDmO1IsOFPn_6domain10repository15item_repository34___mock_MockItemRepo_ItemRepository10___find_allNtB5_6CommonNtNtCsfvfooZQ3Axs_4core7default7Default7default
FN:22,_RNvXs7_NtNtNtNtCsaDmO1IsOFPn_6domain10repository15item_repository34___mock_MockItemRepo_ItemRepository10___find_allNtB5_11ExpectationNtNtCsfvfooZQ3Axs_4core7default7Default7default
FN:22,_RNvXs9_NtNtNtNtCsaDmO1IsOFPn_6domain10repository15item_repository34___mock_MockItemRepo_ItemRepository10___find_allNtB5_12ExpectationsNtNtCsfvfooZQ3Axs_4core7default7Default7default
FN:22,_RNvXs_NtNtNtNtCsaDmO1IsOFPn_6domain10repository15item_repository34___mock_MockItemRepo_ItemRepository10___find_allNtB4_5RfuncNtNtCsfvfooZQ3Axs_4core7default7Default7default
FN:32,_RNvMNtNtNtNtCsaDmO1IsOFPn_6domain10repository15item_repository34___mock_MockItemRepo_ItemRepository12___find_by_idNtB2_5Rfunc8call_mut
FN:32,_RNvMs0_NtNtNtNtCsaDmO1IsOFPn_6domain10repository15item_repository34___mock_MockItemRepo_ItemRepository12___find_by_idNtB5_7Matcher7matches
FN:32,_RNvMs4_NtNtNtNtCsaDmO1IsOFPn_6domain10repository15item_repository34___mock_MockItemRepo_ItemRepository12___find_by_idNtB5_6Common15verify_sequence
FN:32,_RNvMs4_NtNtNtNtCsaDmO1IsOFPn_6domain10repository15item_repository34___mock_MockItemRepo_ItemRepository12___find_by_idNtB5_6Common16satisfy_sequence
FN:32,_RNvMs4_NtNtNtNtCsaDmO1IsOFPn_6domain10repository15item_repository34___mock_MockItemRepo_ItemRepository12___find_by_idNtB5_6Common4call
FN:22,_RNvMs4_NtNtNtNtCsaDmO1IsOFPn_6domain10repository15item_repository34___mock_MockItemRepo_ItemRepository12___find_by_idNtB5_6Common7is_done
FN:22,_RNvMs4_NtNtNtNtCsaDmO1IsOFPn_6domain10repository15item_repository34___mock_MockItemRepo_ItemRepository12___find_by_idNtB5_6Common7matches
FN:32,_RNvMs6_NtNtNtNtCsaDmO1IsOFPn_6domain10repository15item_repository34___mock_MockItemRepo_ItemRepository12___find_by_idNtB5_11Expectation4call
FN:22,_RNvMs6_NtNtNtNtCsaDmO1IsOFPn_6domain10repository15item_repository34___mock_MockItemRepo_ItemRepository12___find_by_idNtB5_11Expectation7is_done
FN:22,_RNvMs6_NtNtNtNtCsaDmO1IsOFPn_6domain10repository15item_repository34___mock_MockItemRepo_ItemRepository12___find_by_idNtB5_11Expectation7matches
FN:22,_RNvMs8_NtNtNtNtCsaDmO1IsOFPn_6domain10repository15item_repository34___mock_MockItemRepo_ItemRepository12___find_by_idNtB5_12Expectations6expect
FN:32,_RNvMsa_NtNtNtNtCsaDmO1IsOFPn_6domain10repository15item_repository34___mock_MockItemRepo_ItemRepository12___find_by_idNtB5_12Expectations4call
FN:22,_RNvXs1_NtNtNtNtCsaDmO1IsOFPn_6domain10repository15item_repository34___mock_MockItemRepo_ItemRepository12___find_by_idNtB5_7MatcherNtNtCsfvfooZQ3Axs_4core7default7Default7default
FN:32,_RNvXs2_NtNtNtNtCsaDmO1IsOFPn_6domain10repository15item_repository34___mock_MockItemRepo_ItemRepository12___find_by_idNtB5_7MatcherNtNtCsfvfooZQ3Axs_4core3fmt7Display3fmt
FN:22,_RNvXs3_NtNtNtNtCsaDmO1IsOFPn_6domain10repository15item_repository34___mock_MockItemRepo_ItemRepository12___find_by_idNtB5_6CommonNtNtCsfvfooZQ3Axs_4core7default7Default7default
FN:22,_RNvXs7_NtNtNtNtCsaDmO1IsOFPn_6domain10repository15item_repository34___mock_MockItemRepo_ItemRepository12___find_by_idNtB5_11ExpectationNtNtCsfvfooZQ3Axs_4core7default7Default7default
FN:22,_RNvXs9_NtNtNtNtCsaDmO1IsOFPn_6domain10repository15item_repository34___mock_MockItemRepo_ItemRepository12___find_by_idNtB5_12ExpectationsNtNtCsfvfooZQ3Axs_4core7default7Default7default
FN:22,_RNvXs_NtNtNtNtCsaDmO1IsOFPn_6domain10repository15item_repository34___mock_MockItemRepo_ItemRepository12___find_by_idNtB4_5RfuncNtNtCsfvfooZQ3Axs_4core7default7Default7default
FN:22,_RINvMs4_NtNtNtNtCsaDmO1IsOFPn_6domain10repository15item_repository34___mock_MockItemRepo_ItemRepository8___createNtB6_6Common4withINtNtCs9l2CZqY40TY_10predicates8function11FnPredicateNCNCNvNtBa_5testss_19test_create_success00NtNtNtBe_5model4item4ItemEEBe_
FN:22,_RINvMs6_NtNtNtNtCsaDmO1IsOFPn_6domain10repository15item_repository34___mock_MockItemRepo_ItemRepository8___createNtB6_11Expectation11return_onceNCNCNvNtBa_5testss_19test_create_success0s_0EBe_
FN:22,_RINvMs6_NtNtNtNtCsaDmO1IsOFPn_6domain10repository15item_repository34___mock_MockItemRepo_ItemRepository8___createNtB6_11Expectation4withINtNtCs9l2CZqY40TY_10predicates8function11FnPredicateNCNCNvNtBa_5testss_19test_create_success00NtNtNtBe_5model4item4ItemEEBe_
FN:22,_RNCNvMs0_NtNtNtNtCsaDmO1IsOFPn_6domain10repository15item_repository34___mock_MockItemRepo_ItemRepository8___createNtB7_7Matcher7matches0Bf_
FN:32,_RNCNvMsa_NtNtNtNtCsaDmO1IsOFPn_6domain10repository15item_repository34___mock_MockItemRepo_ItemRepository8___createNtB7_12Expectations4call0Bf_
FN:22,_RNCNvMsa_NtNtNtNtCsaDmO1IsOFPn_6domain10repository15item_repository34___mock_MockItemRepo_ItemRepository8___createNtB7_12Expectations4calls_0Bf_
FN:101,_RNvNtNtNtCsaDmO1IsOFPn_6domain10repository15item_repository5testss_19test_create_success
FN:147,_RNvNtNtNtCsaDmO1IsOFPn_6domain10repository15item_repository5testss_19test_delete_success
FN:123,_RNvNtNtNtCsaDmO1IsOFPn_6domain10repository15item_repository5testss_19test_update_success
FN:39,_RNvNtNtNtCsaDmO1IsOFPn_6domain10repository15item_repository5testss_21test_find_all_success
FN:67,_RNvNtNtNtCsaDmO1IsOFPn_6domain10repository15item_repository5testss_21test_find_by_id_found
FN:89,_RNvNtNtNtCsaDmO1IsOFPn_6domain10repository15item_repository5testss_25test_find_by_id_not_found
FN:32,_RNvMNtNtNtNtCsaDmO1IsOFPn_6domain10repository15item_repository34___mock_MockItemRepo_ItemRepository8___deleteNtB2_5Rfunc8call_mut
FN:32,_RNvMs0_NtNtNtNtCsaDmO1IsOFPn_6domain10repository15item_repository34___mock_MockItemRepo_ItemRepository8___deleteNtB5_7Matcher7matches
FN:32,_RNvMs4_NtNtNtNtCsaDmO1IsOFPn_6domain10repository15item_repository34___mock_MockItemRepo_ItemRepository8___deleteNtB5_6Common15verify_sequence
FN:32,_RNvMs4_NtNtNtNtCsaDmO1IsOFPn_6domain10repository15item_repository34___mock_MockItemRepo_ItemRepository8___deleteNtB5_6Common16satisfy_sequence
FN:32,_RNvMs4_NtNtNtNtCsaDmO1IsOFPn_6domain10repository15item_repository34___mock_MockItemRepo_ItemRepository8___deleteNtB5_6Common4call
FN:22,_RNvMs4_NtNtNtNtCsaDmO1IsOFPn_6domain10repository15item_repository34___mock_MockItemRepo_ItemRepository8___deleteNtB5_6Common7is_done
FN:22,_RNvMs4_NtNtNtNtCsaDmO1IsOFPn_6domain10repository15item_repository34___mock_MockItemRepo_ItemRepository8___deleteNtB5_6Common7matches
FN:32,_RNvMs6_NtNtNtNtCsaDmO1IsOFPn_6domain10repository15item_repository34___mock_MockItemRepo_ItemRepository8___deleteNtB5_11Expectation4call
FN:22,_RNvMs6_NtNtNtNtCsaDmO1IsOFPn_6domain10repository15item_repository34___mock_MockItemRepo_ItemRepository8___deleteNtB5_11Expectation7is_done
FN:22,_RNvMs6_NtNtNtNtCsaDmO1IsOFPn_6domain10repository15item_repository34___mock_MockItemRepo_ItemRepository8___deleteNtB5_11Expectation7matches
FN:22,_RNvMs8_NtNtNtNtCsaDmO1IsOFPn_6domain10repository15item_repository34___mock_MockItemRepo_ItemRepository8___deleteNtB5_12Expectations6expect
FN:32,_RNvMsa_NtNtNtNtCsaDmO1IsOFPn_6domain10repository15item_repository34___mock_MockItemRepo_ItemRepository8___deleteNtB5_12Expectations4call
FN:22,_RNvXs1_NtNtNtNtCsaDmO1IsOFPn_6domain10repository15item_repository34___mock_MockItemRepo_ItemRepository8___deleteNtB5_7MatcherNtNtCsfvfooZQ3Axs_4core7default7Default7default
FN:32,_RNvXs2_NtNtNtNtCsaDmO1IsOFPn_6domain10repository15item_repository34___mock_MockItemRepo_ItemRepository8___deleteNtB5_7MatcherNtNtCsfvfooZQ3Axs_4core3fmt7Display3fmt
FN:22,_RNvXs3_NtNtNtNtCsaDmO1IsOFPn_6domain10repository15item_repository34___mock_MockItemRepo_ItemRepository8___deleteNtB5_6CommonNtNtCsfvfooZQ3Axs_4core7default7Default7default
FN:22,_RNvXs7_NtNtNtNtCsaDmO1IsOFPn_6domain10repository15item_repository34___mock_MockItemRepo_ItemRepository8___deleteNtB5_11ExpectationNtNtCsfvfooZQ3Axs_4core7default7Default7default
FN:22,_RNvXs9_NtNtNtNtCsaDmO1IsOFPn_6domain10repository15item_repository34___mock_MockItemRepo_ItemRepository8___deleteNtB5_12ExpectationsNtNtCsfvfooZQ3Axs_4core7default7Default7default
FN:22,_RNvXs_NtNtNtNtCsaDmO1IsOFPn_6domain10repository15item_repository34___mock_MockItemRepo_ItemRepository8___deleteNtB4_5RfuncNtNtCsfvfooZQ3Axs_4core7default7Default7default
FN:110,_RNCNCNvNtNtNtCsaDmO1IsOFPn_6domain10repository15item_repository5testss_19test_create_success00Bb_
FN:113,_RNCNCNvNtNtNtCsaDmO1IsOFPn_6domain10repository15item_repository5testss_19test_create_success0s_0Bb_
FN:151,_RNCNCNvNtNtNtCsaDmO1IsOFPn_6domain10repository15item_repository5testss_19test_delete_success00Bb_
FN:132,_RNCNCNvNtNtNtCsaDmO1IsOFPn_6domain10repository15item_repository5testss_19test_update_success00Bb_
FN:135,_RNCNCNvNtNtNtCsaDmO1IsOFPn_6domain10repository15item_repository5testss_19test_update_success0s_0Bb_
FN:53,_RNCNCNvNtNtNtCsaDmO1IsOFPn_6domain10repository15item_repository5testss_21test_find_all_success00Bb_
FN:77,_RNCNCNvNtNtNtCsaDmO1IsOFPn_6domain10repository15item_repository5testss_21test_find_by_id_found00Bb_
FN:93,_RNCNCNvNtNtNtCsaDmO1IsOFPn_6domain10repository15item_repository5testss_25test_find_by_id_not_found00Bb_
FN:101,_RNCNvNtNtNtCsaDmO1IsOFPn_6domain10repository15item_repository5testss_19test_create_success0B9_
FN:147,_RNCNvNtNtNtCsaDmO1IsOFPn_6domain10repository15item_repository5testss_19test_delete_success0B9_
FN:123,_RNCNvNtNtNtCsaDmO1IsOFPn_6domain10repository15item_repository5testss_19test_update_success0B9_
FN:39,_RNCNvNtNtNtCsaDmO1IsOFPn_6domain10repository15item_repository5testss_21test_find_all_success0B9_
FN:67,_RNCNvNtNtNtCsaDmO1IsOFPn_6domain10repository15item_repository5testss_21test_find_by_id_found0B9_
FN:89,_RNCNvNtNtNtCsaDmO1IsOFPn_6domain10repository15item_repository5testss_25test_find_by_id_not_found0B9_
FN:32,_RNCNvXs3_NtNtCsaDmO1IsOFPn_6domain10repository15item_repositoryNtB7_12MockItemRepoNtB7_14ItemRepository10find_by_id0Bb_
FN:32,_RNCNvXs3_NtNtCsaDmO1IsOFPn_6domain10repository15item_repositoryNtB7_12MockItemRepoNtB7_14ItemRepository6create0Bb_
FN:32,_RNCNvXs3_NtNtCsaDmO1IsOFPn_6domain10repository15item_repositoryNtB7_12MockItemRepoNtB7_14ItemRepository6delete0Bb_
FN:32,_RNCNvXs3_NtNtCsaDmO1IsOFPn_6domain10repository15item_repositoryNtB7_12MockItemRepoNtB7_14ItemRepository6update0Bb_
FN:32,_RNCNvXs3_NtNtCsaDmO1IsOFPn_6domain10repository15item_repositoryNtB7_12MockItemRepoNtB7_14ItemRepository8find_all0Bb_
FN:32,_RNvXs5_NtNtNtNtCsaDmO1IsOFPn_6domain10repository15item_repository34___mock_MockItemRepo_ItemRepository10___find_allNtB5_6CommonNtNtNtCsfvfooZQ3Axs_4core3ops4drop4Drop4drop
FN:32,_RNvXs5_NtNtNtNtCsaDmO1IsOFPn_6domain10repository15item_repository34___mock_MockItemRepo_ItemRepository12___find_by_idNtB5_6CommonNtNtNtCsfvfooZQ3Axs_4core3ops4drop4Drop4drop
FN:32,_RNvXs5_NtNtNtNtCsaDmO1IsOFPn_6domain10repository15item_repository34___mock_MockItemRepo_ItemRepository8___createNtB5_6CommonNtNtNtCsfvfooZQ3Axs_4core3ops4drop4Drop4drop
FN:32,_RNvXs5_NtNtNtNtCsaDmO1IsOFPn_6domain10repository15item_repository34___mock_MockItemRepo_ItemRepository8___deleteNtB5_6CommonNtNtNtCsfvfooZQ3Axs_4core3ops4drop4Drop4drop
FN:32,_RNvXs5_NtNtNtNtCsaDmO1IsOFPn_6domain10repository15item_repository34___mock_MockItemRepo_ItemRepository8___updateNtB5_6CommonNtNtNtCsfvfooZQ3Axs_4core3ops4drop4Drop4drop
FN:22,_RINvMs4_NtNtNtNtCsaDmO1IsOFPn_6domain10repository15item_repository34___mock_MockItemRepo_ItemRepository12___find_by_idNtB6_6Common4withINtNtCs9l2CZqY40TY_10predicates3ord11EqPredicateyEEBe_
FN:22,_RINvMs6_NtNtNtNtCsaDmO1IsOFPn_6domain10repository15item_repository34___mock_MockItemRepo_ItemRepository12___find_by_idNtB6_11Expectation11return_onceNCNCNvNtBa_5testss_21test_find_by_id_found00EBe_
FN:22,_RINvMs6_NtNtNtNtCsaDmO1IsOFPn_6domain10repository15item_repository34___mock_MockItemRepo_ItemRepository12___find_by_idNtB6_11Expectation11return_onceNCNCNvNtBa_5testss_25test_find_by_id_not_found00EBe_
FN:22,_RINvMs6_NtNtNtNtCsaDmO1IsOFPn_6domain10repository15item_repository34___mock_MockItemRepo_ItemRepository12___find_by_idNtB6_11Expectation4withINtNtCs9l2CZqY40TY_10predicates3ord11EqPredicateyEEBe_
FN:22,_RNCNvMs0_NtNtNtNtCsaDmO1IsOFPn_6domain10repository15item_repository34___mock_MockItemRepo_ItemRepository12___find_by_idNtB7_7Matcher7matches0Bf_
FN:32,_RNCNvMsa_NtNtNtNtCsaDmO1IsOFPn_6domain10repository15item_repository34___mock_MockItemRepo_ItemRepository12___find_by_idNtB7_12Expectations4call0Bf_
FN:22,_RNCNvMsa_NtNtNtNtCsaDmO1IsOFPn_6domain10repository15item_repository34___mock_MockItemRepo_ItemRepository12___find_by_idNtB7_12Expectations4calls_0Bf_
FN:22,_RINvMs4_NtNtNtNtCsaDmO1IsOFPn_6domain10repository15item_repository34___mock_MockItemRepo_ItemRepository8___updateNtB6_6Common4withINtNtCs9l2CZqY40TY_10predicates8function11FnPredicateNCNCNvNtBa_5testss_19test_update_success00NtNtNtBe_5model4item4ItemEEBe_
FN:22,_RINvMs6_NtNtNtNtCsaDmO1IsOFPn_6domain10repository15item_repository34___mock_MockItemRepo_ItemRepository8___updateNtB6_11Expectation11return_onceNCNCNvNtBa_5testss_19test_update_success0s_0EBe_
FN:22,_RINvMs6_NtNtNtNtCsaDmO1IsOFPn_6domain10repository15item_repository34___mock_MockItemRepo_ItemRepository8___updateNtB6_11Expectation4withINtNtCs9l2CZqY40TY_10predicates8function11FnPredicateNCNCNvNtBa_5testss_19test_update_success00NtNtNtBe_5model4item4ItemEEBe_
FN:22,_RNCNvMs0_NtNtNtNtCsaDmO1IsOFPn_6domain10repository15item_repository34___mock_MockItemRepo_ItemRepository8___updateNtB7_7Matcher7matches0Bf_
FN:32,_RNCNvMsa_NtNtNtNtCsaDmO1IsOFPn_6domain10repository15item_repository34___mock_MockItemRepo_ItemRepository8___updateNtB7_12Expectations4call0Bf_
FN:22,_RNCNvMsa_NtNtNtNtCsaDmO1IsOFPn_6domain10repository15item_repository34___mock_MockItemRepo_ItemRepository8___updateNtB7_12Expectations4calls_0Bf_
FN:32,_RNvMNtNtNtNtCsaDmO1IsOFPn_6domain10repository15item_repository34___mock_MockItemRepo_ItemRepository8___createNtB2_5Rfunc8call_mut
FN:32,_RNvMs0_NtNtNtNtCsaDmO1IsOFPn_6domain10repository15item_repository34___mock_MockItemRepo_ItemRepository8___createNtB5_7Matcher7matches
FN:32,_RNvMs4_NtNtNtNtCsaDmO1IsOFPn_6domain10repository15item_repository34___mock_MockItemRepo_ItemRepository8___createNtB5_6Common15verify_sequence
FN:32,_RNvMs4_NtNtNtNtCsaDmO1IsOFPn_6domain10repository15item_repository34___mock_MockItemRepo_ItemRepository8___createNtB5_6Common16satisfy_sequence
FN:32,_RNvMs4_NtNtNtNtCsaDmO1IsOFPn_6domain10repository15item_repository34___mock_MockItemRepo_ItemRepository8___createNtB5_6Common4call
FN:22,_RNvMs4_NtNtNtNtCsaDmO1IsOFPn_6domain10repository15item_repository34___mock_MockItemRepo_ItemRepository8___createNtB5_6Common7is_done
FN:22,_RNvMs4_NtNtNtNtCsaDmO1IsOFPn_6domain10repository15item_repository34___mock_MockItemRepo_ItemRepository8___createNtB5_6Common7matches
FN:32,_RNvMs6_NtNtNtNtCsaDmO1IsOFPn_6domain10repository15item_repository34___mock_MockItemRepo_ItemRepository8___createNtB5_11Expectation4call
FN:22,_RNvMs6_NtNtNtNtCsaDmO1IsOFPn_6domain10repository15item_repository34___mock_MockItemRepo_ItemRepository8___createNtB5_11Expectation7is_done
FN:22,_RNvMs6_NtNtNtNtCsaDmO1IsOFPn_6domain10repository15item_repository34___mock_MockItemRepo_ItemRepository8___createNtB5_11Expectation7matches
FN:22,_RNvMs8_NtNtNtNtCsaDmO1IsOFPn_6domain10repository15item_repository34___mock_MockItemRepo_ItemRepository8___createNtB5_12Expectations6expect
FN:32,_RNvMsa_NtNtNtNtCsaDmO1IsOFPn_6domain10repository15item_repository34___mock_MockItemRepo_ItemRepository8___createNtB5_12Expectations4call
FN:22,_RNvXs1_NtNtNtNtCsaDmO1IsOFPn_6domain10repository15item_repository34___mock_MockItemRepo_ItemRepository8___createNtB5_7MatcherNtNtCsfvfooZQ3Axs_4core7default7Default7default
FN:32,_RNvXs2_NtNtNtNtCsaDmO1IsOFPn_6domain10repository15item_repository34___mock_MockItemRepo_ItemRepository8___createNtB5_7MatcherNtNtCsfvfooZQ3Axs_4core3fmt7Display3fmt
FN:22,_RNvXs3_NtNtNtNtCsaDmO1IsOFPn_6domain10repository15item_repository34___mock_MockItemRepo_ItemRepository8___createNtB5_6CommonNtNtCsfvfooZQ3Axs_4core7default7Default7default
FN:22,_RNvXs7_NtNtNtNtCsaDmO1IsOFPn_6domain10repository15item_repository34___mock_MockItemRepo_ItemRepository8___createNtB5_11ExpectationNtNtCsfvfooZQ3Axs_4core7default7Default7default
FN:22,_RNvXs9_NtNtNtNtCsaDmO1IsOFPn_6domain10repository15item_repository34___mock_MockItemRepo_ItemRepository8___createNtB5_12ExpectationsNtNtCsfvfooZQ3Axs_4core7default7Default7default
FN:22,_RNvXs_NtNtNtNtCsaDmO1IsOFPn_6domain10repository15item_repository34___mock_MockItemRepo_ItemRepository8___createNtB4_5RfuncNtNtCsfvfooZQ3Axs_4core7default7Default7default
FNDA:0,_RINvMs4_NtNtNtNtCsaDmO1IsOFPn_6domain10repository15item_repository34___mock_MockItemRepo_ItemRepository10___find_allNtB6_6Common5timespEBe_
FNDA:0,_RINvMs4_NtNtNtNtCsaDmO1IsOFPn_6domain10repository15item_repository34___mock_MockItemRepo_ItemRepository10___find_allNtB6_6Common5withfpEBe_
FNDA:0,_RINvMs4_NtNtNtNtCsaDmO1IsOFPn_6domain10repository15item_repository34___mock_MockItemRepo_ItemRepository10___find_allNtB6_6Common8withf_stpEBe_
FNDA:0,_RINvMs4_NtNtNtNtCsaDmO1IsOFPn_6domain10repository15item_repository34___mock_MockItemRepo_ItemRepository12___find_by_idNtB6_6Common5timespEBe_
FNDA:0,_RINvMs4_NtNtNtNtCsaDmO1IsOFPn_6domain10repository15item_repository34___mock_MockItemRepo_ItemRepository12___find_by_idNtB6_6Common5withfpEBe_
FNDA:0,_RINvMs4_NtNtNtNtCsaDmO1IsOFPn_6domain10repository15item_repository34___mock_MockItemRepo_ItemRepository12___find_by_idNtB6_6Common8withf_stpEBe_
FNDA:0,_RINvMs4_NtNtNtNtCsaDmO1IsOFPn_6domain10repository15item_repository34___mock_MockItemRepo_ItemRepository8___createNtB6_6Common5timespEBe_
FNDA:0,_RINvMs4_NtNtNtNtCsaDmO1IsOFPn_6domain10repository15item_repository34___mock_MockItemRepo_ItemRepository8___createNtB6_6Common5withfpEBe_
FNDA:0,_RINvMs4_NtNtNtNtCsaDmO1IsOFPn_6domain10repository15item_repository34___mock_MockItemRepo_ItemRepository8___createNtB6_6Common8withf_stpEBe_
FNDA:0,_RINvMs4_NtNtNtNtCsaDmO1IsOFPn_6domain10repository15item_repository34___mock_MockItemRepo_ItemRepository8___deleteNtB6_6Common5timespEBe_
FNDA:0,_RINvMs4_NtNtNtNtCsaDmO1IsOFPn_6domain10repository15item_repository34___mock_MockItemRepo_ItemRepository8___deleteNtB6_6Common5withfpEBe_
FNDA:0,_RINvMs4_NtNtNtNtCsaDmO1IsOFPn_6domain10repository15item_repository34___mock_MockItemRepo_ItemRepository8___deleteNtB6_6Common8withf_stpEBe_
FNDA:0,_RINvMs4_NtNtNtNtCsaDmO1IsOFPn_6domain10repository15item_repository34___mock_MockItemRepo_ItemRepository8___updateNtB6_6Common5timespEBe_
FNDA:0,_RINvMs4_NtNtNtNtCsaDmO1IsOFPn_6domain10repository15item_repository34___mock_MockItemRepo_ItemRepository8___updateNtB6_6Common5withfpEBe_
FNDA:0,_RINvMs4_NtNtNtNtCsaDmO1IsOFPn_6domain10repository15item_repository34___mock_MockItemRepo_ItemRepository8___updateNtB6_6Common8withf_stpEBe_
FNDA:0,_RINvMs6_NtNtNtNtCsaDmO1IsOFPn_6domain10repository15item_repository34___mock_MockItemRepo_ItemRepository10___find_allNtB6_11Expectation12return_constpEBe_
FNDA:0,_RINvMs6_NtNtNtNtCsaDmO1IsOFPn_6domain10repository15item_repository34___mock_MockItemRepo_ItemRepository10___find_allNtB6_11Expectation12returning_stpEBe_
FNDA:0,_RINvMs6_NtNtNtNtCsaDmO1IsOFPn_6domain10repository15item_repository34___mock_MockItemRepo_ItemRepository10___find_allNtB6_11Expectation14return_once_stpEBe_
FNDA:0,_RINvMs6_NtNtNtNtCsaDmO1IsOFPn_6domain10repository15item_repository34___mock_MockItemRepo_ItemRepository10___find_allNtB6_11Expectation15return_const_stpEBe_
FNDA:0,_RINvMs6_NtNtNtNtCsaDmO1IsOFPn_6domain10repository15item_repository34___mock_MockItemRepo_ItemRepository10___find_allNtB6_11Expectation5timespEBe_
FNDA:0,_RINvMs6_NtNtNtNtCsaDmO1IsOFPn_6domain10repository15item_repository34___mock_MockItemRepo_ItemRepository10___find_allNtB6_11Expectation5withfpEBe_
FNDA:0,_RINvMs6_NtNtNtNtCsaDmO1IsOFPn_6domain10repository15item_repository34___mock_MockItemRepo_ItemRepository10___find_allNtB6_11Expectation8withf_stpEBe_
FNDA:0,_RINvMs6_NtNtNtNtCsaDmO1IsOFPn_6domain10repository15item_repository34___mock_MockItemRepo_ItemRepository10___find_allNtB6_11Expectation9returningpEBe_
FNDA:0,_RINvMs6_NtNtNtNtCsaDmO1IsOFPn_6domain10repository15item_repository34___mock_MockItemRepo_ItemRepository12___find_by_idNtB6_11Expectation12return_constpEBe_
FNDA:0,_RINvMs6_NtNtNtNtCsaDmO1IsOFPn_6domain10repository15item_repository34___mock_MockItemRepo_ItemRepository12___find_by_idNtB6_11Expectation12returning_stpEBe_
FNDA:0,_RINvMs6_NtNtNtNtCsaDmO1IsOFPn_6domain10repository15item_repository34___mock_MockItemRepo_ItemRepository12___find_by_idNtB6_11Expectation14return_once_stpEBe_
FNDA:0,_RINvMs6_NtNtNtNtCsaDmO1IsOFPn_6domain10repository15item_repository34___mock_MockItemRepo_ItemRepository12___find_by_idNtB6_11Expectation15return_const_stpEBe_
FNDA:0,_RINvMs6_NtNtNtNtCsaDmO1IsOFPn_6domain10repository15item_repository34___mock_MockItemRepo_ItemRepository12___find_by_idNtB6_11Expectation5timespEBe_
FNDA:0,_RINvMs6_NtNtNtNtCsaDmO1IsOFPn_6domain10repository15item_repository34___mock_MockItemRepo_ItemRepository12___find_by_idNtB6_11Expectation5withfpEBe_
FNDA:0,_RINvMs6_NtNtNtNtCsaDmO1IsOFPn_6domain10repository15item_repository34___mock_MockItemRepo_ItemRepository12___find_by_idNtB6_11Expectation8withf_stpEBe_
FNDA:0,_RINvMs6_NtNtNtNtCsaDmO1IsOFPn_6domain10repository15item_repository34___mock_MockItemRepo_ItemRepository12___find_by_idNtB6_11Expectation9returningpEBe_
FNDA:0,_RINvMs6_NtNtNtNtCsaDmO1IsOFPn_6domain10repository15item_repository34___mock_MockItemRepo_ItemRepository8___createNtB6_11Expectation12return_constpEBe_
FNDA:0,_RINvMs6_NtNtNtNtCsaDmO1IsOFPn_6domain10repository15item_repository34___mock_MockItemRepo_ItemRepository8___createNtB6_11Expectation12returning_stpEBe_
FNDA:0,_RINvMs6_NtNtNtNtCsaDmO1IsOFPn_6domain10repository15item_repository34___mock_MockItemRepo_ItemRepository8___createNtB6_11Expectation14return_once_stpEBe_
FNDA:0,_RINvMs6_NtNtNtNtCsaDmO1IsOFPn_6domain10repository15item_repository34___mock_MockItemRepo_ItemRepository8___createNtB6_11Expectation15return_const_stpEBe_
FNDA:0,_RINvMs6_NtNtNtNtCsaDmO1IsOFPn_6domain10repository15item_repository34___mock_MockItemRepo_ItemRepository8___createNtB6_11Expectation5timespEBe_
FNDA:0,_RINvMs6_NtNtNtNtCsaDmO1IsOFPn_6domain10repository15item_repository34___mock_MockItemRepo_ItemRepository8___createNtB6_11Expectation5withfpEBe_
FNDA:0,_RINvMs6_NtNtNtNtCsaDmO1IsOFPn_6domain10repository15item_repository34___mock_MockItemRepo_ItemRepository8___createNtB6_11Expectation8withf_stpEBe_
FNDA:0,_RINvMs6_NtNtNtNtCsaDmO1IsOFPn_6domain10repository15item_repository34___mock_MockItemRepo_ItemRepository8___createNtB6_11Expectation9returningpEBe_
FNDA:0,_RINvMs6_NtNtNtNtCsaDmO1IsOFPn_6domain10repository15item_repository34___mock_MockItemRepo_ItemRepository8___deleteNtB6_11Expectation12return_constpEBe_
FNDA:0,_RINvMs6_NtNtNtNtCsaDmO1IsOFPn_6domain10repository15item_repository34___mock_MockItemRepo_ItemRepository8___deleteNtB6_11Expectation12returning_stpEBe_
FNDA:0,_RINvMs6_NtNtNtNtCsaDmO1IsOFPn_6domain10repository15item_repository34___mock_MockItemRepo_ItemRepository8___deleteNtB6_11Expectation14return_once_stpEBe_
FNDA:0,_RINvMs6_NtNtNtNtCsaDmO1IsOFPn_6domain10repository15item_repository34___mock_MockItemRepo_ItemRepository8___deleteNtB6_11Expectation15return_const_stpEBe_
FNDA:0,_RINvMs6_NtNtNtNtCsaDmO1IsOFPn_6domain10repository15item_repository34___mock_MockItemRepo_ItemRepository8___deleteNtB6_11Expectation5timespEBe_
FNDA:0,_RINvMs6_NtNtNtNtCsaDmO1IsOFPn_6domain10repository15item_repository34___mock_MockItemRepo_ItemRepository8___deleteNtB6_11Expectation5withfpEBe_
FNDA:0,_RINvMs6_NtNtNtNtCsaDmO1IsOFPn_6domain10repository15item_repository34___mock_MockItemRepo_ItemRepository8___deleteNtB6_11Expectation8withf_stpEBe_
FNDA:0,_RINvMs6_NtNtNtNtCsaDmO1IsOFPn_6domain10repository15item_repository34___mock_MockItemRepo_ItemRepository8___deleteNtB6_11Expectation9returningpEBe_
FNDA:0,_RINvMs6_NtNtNtNtCsaDmO1IsOFPn_6domain10repository15item_repository34___mock_MockItemRepo_ItemRepository8___updateNtB6_11Expectation12return_constpEBe_
FNDA:0,_RINvMs6_NtNtNtNtCsaDmO1IsOFPn_6domain10repository15item_repository34___mock_MockItemRepo_ItemRepository8___updateNtB6_11Expectation12returning_stpEBe_
FNDA:0,_RINvMs6_NtNtNtNtCsaDmO1IsOFPn_6domain10repository15item_repository34___mock_MockItemRepo_ItemRepository8___updateNtB6_11Expectation14return_once_stpEBe_
FNDA:0,_RINvMs6_NtNtNtNtCsaDmO1IsOFPn_6domain10repository15item_repository34___mock_MockItemRepo_ItemRepository8___updateNtB6_11Expectation15return_const_stpEBe_
FNDA:0,_RINvMs6_NtNtNtNtCsaDmO1IsOFPn_6domain10repository15item_repository34___mock_MockItemRepo_ItemRepository8___updateNtB6_11Expectation5timespEBe_
FNDA:0,_RINvMs6_NtNtNtNtCsaDmO1IsOFPn_6domain10repository15item_repository34___mock_MockItemRepo_ItemRepository8___updateNtB6_11Expectation5withfpEBe_
FNDA:0,_RINvMs6_NtNtNtNtCsaDmO1IsOFPn_6domain10repository15item_repository34___mock_MockItemRepo_ItemRepository8___updateNtB6_11Expectation8withf_stpEBe_
FNDA:0,_RINvMs6_NtNtNtNtCsaDmO1IsOFPn_6domain10repository15item_repository34___mock_MockItemRepo_ItemRepository8___updateNtB6_11Expectation9returningpEBe_
FNDA:0,_RNCINvMs6_NtNtNtNtCsaDmO1IsOFPn_6domain10repository15item_repository34___mock_MockItemRepo_ItemRepository10___find_allNtB8_11Expectation12return_constpE0Bg_
FNDA:0,_RNCINvMs6_NtNtNtNtCsaDmO1IsOFPn_6domain10repository15item_repository34___mock_MockItemRepo_ItemRepository10___find_allNtB8_11Expectation15return_const_stpE0Bg_
FNDA:0,_RNCINvMs6_NtNtNtNtCsaDmO1IsOFPn_6domain10repository15item_repository34___mock_MockItemRepo_ItemRepository12___find_by_idNtB8_11Expectation12return_constpE0Bg_
FNDA:0,_RNCINvMs6_NtNtNtNtCsaDmO1IsOFPn_6domain10repository15item_repository34___mock_MockItemRepo_ItemRepository12___find_by_idNtB8_11Expectation15return_const_stpE0Bg_
FNDA:0,_RNCINvMs6_NtNtNtNtCsaDmO1IsOFPn_6domain10repository15item_repository34___mock_MockItemRepo_ItemRepository8___createNtB8_11Expectation12return_constpE0Bg_
FNDA:0,_RNCINvMs6_NtNtNtNtCsaDmO1IsOFPn_6domain10repository15item_repository34___mock_MockItemRepo_ItemRepository8___createNtB8_11Expectation15return_const_stpE0Bg_
FNDA:0,_RNCINvMs6_NtNtNtNtCsaDmO1IsOFPn_6domain10repository15item_repository34___mock_MockItemRepo_ItemRepository8___deleteNtB8_11Expectation12return_constpE0Bg_
FNDA:0,_RNCINvMs6_NtNtNtNtCsaDmO1IsOFPn_6domain10repository15item_repository34___mock_MockItemRepo_ItemRepository8___deleteNtB8_11Expectation15return_const_stpE0Bg_
FNDA:0,_RNCINvMs6_NtNtNtNtCsaDmO1IsOFPn_6domain10repository15item_repository34___mock_MockItemRepo_ItemRepository8___updateNtB8_11Expectation12return_constpE0Bg_
FNDA:0,_RNCINvMs6_NtNtNtNtCsaDmO1IsOFPn_6domain10repository15item_repository34___mock_MockItemRepo_ItemRepository8___updateNtB8_11Expectation15return_const_stpE0Bg_
FNDA:0,_RNvMs0_NtNtCsaDmO1IsOFPn_6domain10repository15item_repositoryNtB5_27MockItemRepo_ItemRepository10checkpoint
FNDA:0,_RNvMs1_NtNtCsaDmO1IsOFPn_6domain10repository15item_repositoryNtB5_12MockItemRepo10checkpoint
FNDA:0,_RNvMs4_NtNtNtNtCsaDmO1IsOFPn_6domain10repository15item_repository34___mock_MockItemRepo_ItemRepository10___find_allNtB5_6Common11in_sequence
FNDA:0,_RNvMs4_NtNtNtNtCsaDmO1IsOFPn_6domain10repository15item_repository34___mock_MockItemRepo_ItemRepository10___find_allNtB5_6Common4with
FNDA:0,_RNvMs4_NtNtNtNtCsaDmO1IsOFPn_6domain10repository15item_repository34___mock_MockItemRepo_ItemRepository10___find_allNtB5_6Common5never
FNDA:0,_RNvMs4_NtNtNtNtCsaDmO1IsOFPn_6domain10repository15item_repository34___mock_MockItemRepo_ItemRepository12___find_by_idNtB5_6Common11in_sequence
FNDA:0,_RNvMs4_NtNtNtNtCsaDmO1IsOFPn_6domain10repository15item_repository34___mock_MockItemRepo_ItemRepository12___find_by_idNtB5_6Common5never
FNDA:0,_RNvMs4_NtNtNtNtCsaDmO1IsOFPn_6domain10repository15item_repository34___mock_MockItemRepo_ItemRepository8___createNtB5_6Common11in_sequence
FNDA:0,_RNvMs4_NtNtNtNtCsaDmO1IsOFPn_6domain10repository15item_repository34___mock_MockItemRepo_ItemRepository8___createNtB5_6Common5never
FNDA:0,_RNvMs4_NtNtNtNtCsaDmO1IsOFPn_6domain10repository15item_repository34___mock_MockItemRepo_ItemRepository8___deleteNtB5_6Common11in_sequence
FNDA:0,_RNvMs4_NtNtNtNtCsaDmO1IsOFPn_6domain10repository15item_repository34___mock_MockItemRepo_ItemRepository8___deleteNtB5_6Common5never
FNDA:0,_RNvMs4_NtNtNtNtCsaDmO1IsOFPn_6domain10repository15item_repository34___mock_MockItemRepo_ItemRepository8___updateNtB5_6Common11in_sequence
FNDA:0,_RNvMs4_NtNtNtNtCsaDmO1IsOFPn_6domain10repository15item_repository34___mock_MockItemRepo_ItemRepository8___updateNtB5_6Common5never
FNDA:0,_RNvMs6_NtNtNtNtCsaDmO1IsOFPn_6domain10repository15item_repository34___mock_MockItemRepo_ItemRepository10___find_allNtB5_11Expectation11in_sequence
FNDA:0,_RNvMs6_NtNtNtNtCsaDmO1IsOFPn_6domain10repository15item_repository34___mock_MockItemRepo_ItemRepository10___find_allNtB5_11Expectation3new
FNDA:0,_RNvMs6_NtNtNtNtCsaDmO1IsOFPn_6domain10repository15item_repository34___mock_MockItemRepo_ItemRepository10___find_allNtB5_11Expectation4once
FNDA:0,_RNvMs6_NtNtNtNtCsaDmO1IsOFPn_6domain10repository15item_repository34___mock_MockItemRepo_ItemRepository10___find_allNtB5_11Expectation4with
FNDA:0,_RNvMs6_NtNtNtNtCsaDmO1IsOFPn_6domain10repository15item_repository34___mock_MockItemRepo_ItemRepository10___find_allNtB5_11Expectation5never
FNDA:0,_RNvMs6_NtNtNtNtCsaDmO1IsOFPn_6domain10repository15item_repository34___mock_MockItemRepo_ItemRepository12___find_by_idNtB5_11Expectation11in_sequence
FNDA:0,_RNvMs6_NtNtNtNtCsaDmO1IsOFPn_6domain10repository15item_repository34___mock_MockItemRepo_ItemRepository12___find_by_idNtB5_11Expectation3new
FNDA:0,_RNvMs6_NtNtNtNtCsaDmO1IsOFPn_6domain10repository15item_repository34___mock_MockItemRepo_ItemRepository12___find_by_idNtB5_11Expectation4once
FNDA:0,_RNvMs6_NtNtNtNtCsaDmO1IsOFPn_6domain10repository15item_repository34___mock_MockItemRepo_ItemRepository12___find_by_idNtB5_11Expectation5never
FNDA:0,_RNvMs6_NtNtNtNtCsaDmO1IsOFPn_6domain10repository15item_repository34___mock_MockItemRepo_ItemRepository8___createNtB5_11Expectation11in_sequence
FNDA:0,_RNvMs6_NtNtNtNtCsaDmO1IsOFPn_6domain10repository15item_repository34___mock_MockItemRepo_ItemRepository8___createNtB5_11Expectation3new
FNDA:0,_RNvMs6_NtNtNtNtCsaDmO1IsOFPn_6domain10repository15item_repository34___mock_MockItemRepo_ItemRepository8___createNtB5_11Expectation4once
FNDA:0,_RNvMs6_NtNtNtNtCsaDmO1IsOFPn_6domain10repository15item_repository34___mock_MockItemRepo_ItemRepository8___createNtB5_11Expectation5never
FNDA:0,_RNvMs6_NtNtNtNtCsaDmO1IsOFPn_6domain10repository15item_repository34___mock_MockItemRepo_ItemRepository8___deleteNtB5_11Expectation11in_sequence
FNDA:0,_RNvMs6_NtNtNtNtCsaDmO1IsOFPn_6domain10repository15item_repository34___mock_MockItemRepo_ItemRepository8___deleteNtB5_11Expectation3new
FNDA:0,_RNvMs6_NtNtNtNtCsaDmO1IsOFPn_6domain10repository15item_repository34___mock_MockItemRepo_ItemRepository8___deleteNtB5_11Expectation4once
FNDA:0,_RNvMs6_NtNtNtNtCsaDmO1IsOFPn_6domain10repository15item_repository34___mock_MockItemRepo_ItemRepository8___deleteNtB5_11Expectation5never
FNDA:0,_RNvMs6_NtNtNtNtCsaDmO1IsOFPn_6domain10repository15item_repository34___mock_MockItemRepo_ItemRepository8___updateNtB5_11Expectation11in_sequence
FNDA:0,_RNvMs6_NtNtNtNtCsaDmO1IsOFPn_6domain10repository15item_repository34___mock_MockItemRepo_ItemRepository8___updateNtB5_11Expectation3new
FNDA:0,_RNvMs6_NtNtNtNtCsaDmO1IsOFPn_6domain10repository15item_repository34___mock_MockItemRepo_ItemRepository8___updateNtB5_11Expectation4once
FNDA:0,_RNvMs6_NtNtNtNtCsaDmO1IsOFPn_6domain10repository15item_repository34___mock_MockItemRepo_ItemRepository8___updateNtB5_11Expectation5never
FNDA:0,_RNvMs8_NtNtNtNtCsaDmO1IsOFPn_6domain10repository15item_repository34___mock_MockItemRepo_ItemRepository10___find_allNtB5_12Expectations10checkpoint
FNDA:0,_RNvMs8_NtNtNtNtCsaDmO1IsOFPn_6domain10repository15item_repository34___mock_MockItemRepo_ItemRepository10___find_allNtB5_12Expectations3new
FNDA:0,_RNvMs8_NtNtNtNtCsaDmO1IsOFPn_6domain10repository15item_repository34___mock_MockItemRepo_ItemRepository12___find_by_idNtB5_12Expectations10checkpoint
FNDA:0,_RNvMs8_NtNtNtNtCsaDmO1IsOFPn_6domain10repository15item_repository34___mock_MockItemRepo_ItemRepository12___find_by_idNtB5_12Expectations3new
FNDA:0,_RNvMs8_NtNtNtNtCsaDmO1IsOFPn_6domain10repository15item_repository34___mock_MockItemRepo_ItemRepository8___createNtB5_12Expectations10checkpoint
FNDA:0,_RNvMs8_NtNtNtNtCsaDmO1IsOFPn_6domain10repository15item_repository34___mock_MockItemRepo_ItemRepository8___createNtB5_12Expectations3new
FNDA:0,_RNvMs8_NtNtNtNtCsaDmO1IsOFPn_6domain10repository15item_repository34___mock_MockItemRepo_ItemRepository8___deleteNtB5_12Expectations10checkpoint
FNDA:0,_RNvMs8_NtNtNtNtCsaDmO1IsOFPn_6domain10repository15item_repository34___mock_MockItemRepo_ItemRepository8___deleteNtB5_12Expectations3new
FNDA:0,_RNvMs8_NtNtNtNtCsaDmO1IsOFPn_6domain10repository15item_repository34___mock_MockItemRepo_ItemRepository8___updateNtB5_12Expectations10checkpoint
FNDA:0,_RNvMs8_NtNtNtNtCsaDmO1IsOFPn_6domain10repository15item_repository34___mock_MockItemRepo_ItemRepository8___updateNtB5_12Expectations3new
FNDA:1,_RINvMs4_NtNtNtNtCsaDmO1IsOFPn_6domain10repository15item_repository34___mock_MockItemRepo_ItemRepository8___deleteNtB6_6Common4withINtNtCs9l2CZqY40TY_10predicates3ord11EqPredicateyEEBe_
FNDA:1,_RINvMs6_NtNtNtNtCsaDmO1IsOFPn_6domain10repository15item_repository34___mock_MockItemRepo_ItemRepository8___deleteNtB6_11Expectation11return_onceNCNCNvNtBa_5testss_19test_delete_success00EBe_
FNDA:1,_RINvMs6_NtNtNtNtCsaDmO1IsOFPn_6domain10repository15item_repository34___mock_MockItemRepo_ItemRepository8___deleteNtB6_11Expectation4withINtNtCs9l2CZqY40TY_10predicates3ord11EqPredicateyEEBe_
FNDA:1,_RNCNvMs0_NtNtNtNtCsaDmO1IsOFPn_6domain10repository15item_repository34___mock_MockItemRepo_ItemRepository8___deleteNtB7_7Matcher7matches0Bf_
FNDA:1,_RNCNvMsa_NtNtNtNtCsaDmO1IsOFPn_6domain10repository15item_repository34___mock_MockItemRepo_ItemRepository8___deleteNtB7_12Expectations4call0Bf_
FNDA:1,_RNCNvMsa_NtNtNtNtCsaDmO1IsOFPn_6domain10repository15item_repository34___mock_MockItemRepo_ItemRepository8___deleteNtB7_12Expectations4calls_0Bf_
FNDA:1,_RINvMs6_NtNtNtNtCsaDmO1IsOFPn_6domain10repository15item_repository34___mock_MockItemRepo_ItemRepository10___find_allNtB6_11Expectation11return_onceNCNCNvNtBa_5testss_21test_find_all_success00EBe_
FNDA:0,_RNCNvMs0_NtNtNtNtCsaDmO1IsOFPn_6domain10repository15item_repository34___mock_MockItemRepo_ItemRepository10___find_allNtB7_7Matcher7matches0Bf_
FNDA:1,_RNCNvMsa_NtNtNtNtCsaDmO1IsOFPn_6domain10repository15item_repository34___mock_MockItemRepo_ItemRepository10___find_allNtB7_12Expectations4call0Bf_
FNDA:1,_RNCNvMsa_NtNtNtNtCsaDmO1IsOFPn_6domain10repository15item_repository34___mock_MockItemRepo_ItemRepository10___find_allNtB7_12Expectations4calls_0Bf_
FNDA:6,_RNvMs1_NtNtCsaDmO1IsOFPn_6domain10repository15item_repositoryNtB5_12MockItemRepo3new
FNDA:1,_RNvMs2_NtNtCsaDmO1IsOFPn_6domain10repository15item_repositoryNtB5_12MockItemRepo13expect_create
FNDA:1,_RNvMs2_NtNtCsaDmO1IsOFPn_6domain10repository15item_repositoryNtB5_12MockItemRepo13expect_delete
FNDA:1,_RNvMs2_NtNtCsaDmO1IsOFPn_6domain10repository15item_repositoryNtB5_12MockItemRepo13expect_update
FNDA:1,_RNvMs2_NtNtCsaDmO1IsOFPn_6domain10repository15item_repositoryNtB5_12MockItemRepo15expect_find_all
FNDA:2,_RNvMs2_NtNtCsaDmO1IsOFPn_6domain10repository15item_repositoryNtB5_12MockItemRepo17expect_find_by_id
FNDA:6,_RNvXNtNtCsaDmO1IsOFPn_6domain10repository15item_repositoryNtB2_12MockItemRepoNtNtCsfvfooZQ3Axs_4core7default7Default7default
FNDA:2,_RNvXs3_NtNtCsaDmO1IsOFPn_6domain10repository15item_repositoryNtB5_12MockItemRepoNtB5_14ItemRepository10find_by_id
FNDA:1,_RNvXs3_NtNtCsaDmO1IsOFPn_6domain10repository15item_repositoryNtB5_12MockItemRepoNtB5_14ItemRepository6create
FNDA:1,_RNvXs3_NtNtCsaDmO1IsOFPn_6domain10repository15item_repositoryNtB5_12MockItemRepoNtB5_14ItemRepository6delete
FNDA:1,_RNvXs3_NtNtCsaDmO1IsOFPn_6domain10repository15item_repositoryNtB5_12MockItemRepoNtB5_14ItemRepository6update
FNDA:1,_RNvXs3_NtNtCsaDmO1IsOFPn_6domain10repository15item_repositoryNtB5_12MockItemRepoNtB5_14ItemRepository8find_all
FNDA:6,_RNvXs_NtNtCsaDmO1IsOFPn_6domain10repository15item_repositoryNtB4_27MockItemRepo_ItemRepositoryNtNtCsfvfooZQ3Axs_4core7default7Default7default
FNDA:1,_RNvMNtNtNtNtCsaDmO1IsOFPn_6domain10repository15item_repository34___mock_MockItemRepo_ItemRepository8___updateNtB2_5Rfunc8call_mut
FNDA:1,_RNvMs0_NtNtNtNtCsaDmO1IsOFPn_6domain10repository15item_repository34___mock_MockItemRepo_ItemRepository8___updateNtB5_7Matcher7matches
FNDA:1,_RNvMs4_NtNtNtNtCsaDmO1IsOFPn_6domain10repository15item_repository34___mock_MockItemRepo_ItemRepository8___updateNtB5_6Common15verify_sequence
FNDA:1,_RNvMs4_NtNtNtNtCsaDmO1IsOFPn_6domain10repository15item_repository34___mock_MockItemRepo_ItemRepository8___updateNtB5_6Common16satisfy_sequence
FNDA:1,_RNvMs4_NtNtNtNtCsaDmO1IsOFPn_6domain10repository15item_repository34___mock_MockItemRepo_ItemRepository8___updateNtB5_6Common4call
FNDA:1,_RNvMs4_NtNtNtNtCsaDmO1IsOFPn_6domain10repository15item_repository34___mock_MockItemRepo_ItemRepository8___updateNtB5_6Common7is_done
FNDA:1,_RNvMs4_NtNtNtNtCsaDmO1IsOFPn_6domain10repository15item_repository34___mock_MockItemRepo_ItemRepository8___updateNtB5_6Common7matches
FNDA:1,_RNvMs6_NtNtNtNtCsaDmO1IsOFPn_6domain10repository15item_repository34___mock_MockItemRepo_ItemRepository8___updateNtB5_11Expectation4call
FNDA:1,_RNvMs6_NtNtNtNtCsaDmO1IsOFPn_6domain10repository15item_repository34___mock_MockItemRepo_ItemRepository8___updateNtB5_11Expectation7is_done
FNDA:1,_RNvMs6_NtNtNtNtCsaDmO1IsOFPn_6domain10repository15item_repository34___mock_MockItemRepo_ItemRepository8___updateNtB5_11Expectation7matches
FNDA:1,_RNvMs8_NtNtNtNtCsaDmO1IsOFPn_6domain10repository15item_repository34___mock_MockItemRepo_ItemRepository8___updateNtB5_12Expectations6expect
FNDA:1,_RNvMsa_NtNtNtNtCsaDmO1IsOFPn_6domain10repository15item_repository34___mock_MockItemRepo_ItemRepository8___updateNtB5_12Expectations4call
FNDA:1,_RNvXs1_NtNtNtNtCsaDmO1IsOFPn_6domain10repository15item_repository34___mock_MockItemRepo_ItemRepository8___updateNtB5_7MatcherNtNtCsfvfooZQ3Axs_4core7default7Default7default
FNDA:1,_RNvXs2_NtNtNtNtCsaDmO1IsOFPn_6domain10repository15item_repository34___mock_MockItemRepo_ItemRepository8___updateNtB5_7MatcherNtNtCsfvfooZQ3Axs_4core3fmt7Display3fmt
FNDA:1,_RNvXs3_NtNtNtNtCsaDmO1IsOFPn_6domain10repository15item_repository34___mock_MockItemRepo_ItemRepository8___updateNtB5_6CommonNtNtCsfvfooZQ3Axs_4core7default7Default7default
FNDA:1,_RNvXs7_NtNtNtNtCsaDmO1IsOFPn_6domain10repository15item_repository34___mock_MockItemRepo_ItemRepository8___updateNtB5_11ExpectationNtNtCsfvfooZQ3Axs_4core7default7Default7default
FNDA:6,_RNvXs9_NtNtNtNtCsaDmO1IsOFPn_6domain10repository15item_repository34___mock_MockItemRepo_ItemRepository8___updateNtB5_12ExpectationsNtNtCsfvfooZQ3Axs_4core7default7Default7default
FNDA:1,_RNvXs_NtNtNtNtCsaDmO1IsOFPn_6domain10repository15item_repository34___mock_MockItemRepo_ItemRepository8___updateNtB4_5RfuncNtNtCsfvfooZQ3Axs_4core7default7Default7default
FNDA:1,_RNvMNtNtNtNtCsaDmO1IsOFPn_6domain10repository15item_repository34___mock_MockItemRepo_ItemRepository10___find_allNtB2_5Rfunc8call_mut
FNDA:1,_RNvMs0_NtNtNtNtCsaDmO1IsOFPn_6domain10repository15item_repository34___mock_MockItemRepo_ItemRepository10___find_allNtB5_7Matcher7matches
FNDA:1,_RNvMs4_NtNtNtNtCsaDmO1IsOFPn_6domain10repository15item_repository34___mock_MockItemRepo_ItemRepository10___find_allNtB5_6Common15verify_sequence
FNDA:1,_RNvMs4_NtNtNtNtCsaDmO1IsOFPn_6domain10repository15item_repository34___mock_MockItemRepo_ItemRepository10___find_allNtB5_6Common16satisfy_sequence
FNDA:1,_RNvMs4_NtNtNtNtCsaDmO1IsOFPn_6domain10repository15item_repository34___mock_MockItemRepo_ItemRepository10___find_allNtB5_6Common4call
FNDA:1,_RNvMs4_NtNtNtNtCsaDmO1IsOFPn_6domain10repository15item_repository34___mock_MockItemRepo_ItemRepository10___find_allNtB5_6Common7is_done
FNDA:1,_RNvMs4_NtNtNtNtCsaDmO1IsOFPn_6domain10repository15item_repository34___mock_MockItemRepo_ItemRepository10___find_allNtB5_6Common7matches
FNDA:1,_RNvMs6_NtNtNtNtCsaDmO1IsOFPn_6domain10repository15item_repository34___mock_MockItemRepo_ItemRepository10___find_allNtB5_11Expectation4call
FNDA:1,_RNvMs6_NtNtNtNtCsaDmO1IsOFPn_6domain10repository15item_repository34___mock_MockItemRepo_ItemRepository10___find_allNtB5_11Expectation7is_done
FNDA:1,_RNvMs6_NtNtNtNtCsaDmO1IsOFPn_6domain10repository15item_repository34___mock_MockItemRepo_ItemRepository10___find_allNtB5_11Expectation7matches
FNDA:1,_RNvMs8_NtNtNtNtCsaDmO1IsOFPn_6domain10repository15item_repository34___mock_MockItemRepo_ItemRepository10___find_allNtB5_12Expectations6expect
FNDA:1,_RNvMsa_NtNtNtNtCsaDmO1IsOFPn_6domain10repository15item_repository34___mock_MockItemRepo_ItemRepository10___find_allNtB5_12Expectations4call
FNDA:1,_RNvXs1_NtNtNtNtCsaDmO1IsOFPn_6domain10repository15item_repository34___mock_MockItemRepo_ItemRepository10___find_allNtB5_7MatcherNtNtCsfvfooZQ3Axs_4core7default7Default7default
FNDA:1,_RNvXs2_NtNtNtNtCsaDmO1IsOFPn_6domain10repository15item_repository34___mock_MockItemRepo_ItemRepository10___find_allNtB5_7MatcherNtNtCsfvfooZQ3Axs_4core3fmt7Display3fmt
FNDA:1,_RNvXs3_NtNtNtNtCsaDmO1IsOFPn_6domain10repository15item_repository34___mock_MockItemRepo_ItemRepository10___find_allNtB5_6CommonNtNtCsfvfooZQ3Axs_4core7default7Default7default
FNDA:1,_RNvXs7_NtNtNtNtCsaDmO1IsOFPn_6domain10repository15item_repository34___mock_MockItemRepo_ItemRepository10___find_allNtB5_11ExpectationNtNtCsfvfooZQ3Axs_4core7default7Default7default
FNDA:6,_RNvXs9_NtNtNtNtCsaDmO1IsOFPn_6domain10repository15item_repository34___mock_MockItemRepo_ItemRepository10___find_allNtB5_12ExpectationsNtNtCsfvfooZQ3Axs_4core7default7Default7default
FNDA:1,_RNvXs_NtNtNtNtCsaDmO1IsOFPn_6domain10repository15item_repository34___mock_MockItemRepo_ItemRepository10___find_allNtB4_5RfuncNtNtCsfvfooZQ3Axs_4core7default7Default7default
FNDA:2,_RNvMNtNtNtNtCsaDmO1IsOFPn_6domain10repository15item_repository34___mock_MockItemRepo_ItemRepository12___find_by_idNtB2_5Rfunc8call_mut
FNDA:2,_RNvMs0_NtNtNtNtCsaDmO1IsOFPn_6domain10repository15item_repository34___mock_MockItemRepo_ItemRepository12___find_by_idNtB5_7Matcher7matches
FNDA:2,_RNvMs4_NtNtNtNtCsaDmO1IsOFPn_6domain10repository15item_repository34___mock_MockItemRepo_ItemRepository12___find_by_idNtB5_6Common15verify_sequence
FNDA:2,_RNvMs4_NtNtNtNtCsaDmO1IsOFPn_6domain10repository15item_repository34___mock_MockItemRepo_ItemRepository12___find_by_idNtB5_6Common16satisfy_sequence
FNDA:2,_RNvMs4_NtNtNtNtCsaDmO1IsOFPn_6domain10repository15item_repository34___mock_MockItemRepo_ItemRepository12___find_by_idNtB5_6Common4call
FNDA:2,_RNvMs4_NtNtNtNtCsaDmO1IsOFPn_6domain10repository15item_repository34___mock_MockItemRepo_ItemRepository12___find_by_idNtB5_6Common7is_done
FNDA:2,_RNvMs4_NtNtNtNtCsaDmO1IsOFPn_6domain10repository15item_repository34___mock_MockItemRepo_ItemRepository12___find_by_idNtB5_6Common7matches
FNDA:2,_RNvMs6_NtNtNtNtCsaDmO1IsOFPn_6domain10repository15item_repository34___mock_MockItemRepo_ItemRepository12___find_by_idNtB5_11Expectation4call
FNDA:2,_RNvMs6_NtNtNtNtCsaDmO1IsOFPn_6domain10repository15item_repository34___mock_MockItemRepo_ItemRepository12___find_by_idNtB5_11Expectation7is_done
FNDA:2,_RNvMs6_NtNtNtNtCsaDmO1IsOFPn_6domain10repository15item_repository34___mock_MockItemRepo_ItemRepository12___find_by_idNtB5_11Expectation7matches
FNDA:2,_RNvMs8_NtNtNtNtCsaDmO1IsOFPn_6domain10repository15item_repository34___mock_MockItemRepo_ItemRepository12___find_by_idNtB5_12Expectations6expect
FNDA:2,_RNvMsa_NtNtNtNtCsaDmO1IsOFPn_6domain10repository15item_repository34___mock_MockItemRepo_ItemRepository12___find_by_idNtB5_12Expectations4call
FNDA:2,_RNvXs1_NtNtNtNtCsaDmO1IsOFPn_6domain10repository15item_repository34___mock_MockItemRepo_ItemRepository12___find_by_idNtB5_7MatcherNtNtCsfvfooZQ3Axs_4core7default7Default7default
FNDA:2,_RNvXs2_NtNtNtNtCsaDmO1IsOFPn_6domain10repository15item_repository34___mock_MockItemRepo_ItemRepository12___find_by_idNtB5_7MatcherNtNtCsfvfooZQ3Axs_4core3fmt7Display3fmt
FNDA:2,_RNvXs3_NtNtNtNtCsaDmO1IsOFPn_6domain10repository15item_repository34___mock_MockItemRepo_ItemRepository12___find_by_idNtB5_6CommonNtNtCsfvfooZQ3Axs_4core7default7Default7default
FNDA:2,_RNvXs7_NtNtNtNtCsaDmO1IsOFPn_6domain10repository15item_repository34___mock_MockItemRepo_ItemRepository12___find_by_idNtB5_11ExpectationNtNtCsfvfooZQ3Axs_4core7default7Default7default
FNDA:6,_RNvXs9_NtNtNtNtCsaDmO1IsOFPn_6domain10repository15item_repository34___mock_MockItemRepo_ItemRepository12___find_by_idNtB5_12ExpectationsNtNtCsfvfooZQ3Axs_4core7default7Default7default
FNDA:2,_RNvXs_NtNtNtNtCsaDmO1IsOFPn_6domain10repository15item_repository34___mock_MockItemRepo_ItemRepository12___find_by_idNtB4_5RfuncNtNtCsfvfooZQ3Axs_4core7default7Default7default
FNDA:1,_RINvMs4_NtNtNtNtCsaDmO1IsOFPn_6domain10repository15item_repository34___mock_MockItemRepo_ItemRepository8___createNtB6_6Common4withINtNtCs9l2CZqY40TY_10predicates8function11FnPredicateNCNCNvNtBa_5testss_19test_create_success00NtNtNtBe_5model4item4ItemEEBe_
FNDA:1,_RINvMs6_NtNtNtNtCsaDmO1IsOFPn_6domain10repository15item_repository34___mock_MockItemRepo_ItemRepository8___createNtB6_11Expectation11return_onceNCNCNvNtBa_5testss_19test_create_success0s_0EBe_
FNDA:1,_RINvMs6_NtNtNtNtCsaDmO1IsOFPn_6domain10repository15item_repository34___mock_MockItemRepo_ItemRepository8___createNtB6_11Expectation4withINtNtCs9l2CZqY40TY_10predicates8function11FnPredicateNCNCNvNtBa_5testss_19test_create_success00NtNtNtBe_5model4item4ItemEEBe_
FNDA:1,_RNCNvMs0_NtNtNtNtCsaDmO1IsOFPn_6domain10repository15item_repository34___mock_MockItemRepo_ItemRepository8___createNtB7_7Matcher7matches0Bf_
FNDA:1,_RNCNvMsa_NtNtNtNtCsaDmO1IsOFPn_6domain10repository15item_repository34___mock_MockItemRepo_ItemRepository8___createNtB7_12Expectations4call0Bf_
FNDA:1,_RNCNvMsa_NtNtNtNtCsaDmO1IsOFPn_6domain10repository15item_repository34___mock_MockItemRepo_ItemRepository8___createNtB7_12Expectations4calls_0Bf_
FNDA:1,_RNvNtNtNtCsaDmO1IsOFPn_6domain10repository15item_repository5testss_19test_create_success
FNDA:1,_RNvNtNtNtCsaDmO1IsOFPn_6domain10repository15item_repository5testss_19test_delete_success
FNDA:1,_RNvNtNtNtCsaDmO1IsOFPn_6domain10repository15item_repository5testss_19test_update_success
FNDA:1,_RNvNtNtNtCsaDmO1IsOFPn_6domain10repository15item_repository5testss_21test_find_all_success
FNDA:1,_RNvNtNtNtCsaDmO1IsOFPn_6domain10repository15item_repository5testss_21test_find_by_id_found
FNDA:1,_RNvNtNtNtCsaDmO1IsOFPn_6domain10repository15item_repository5testss_25test_find_by_id_not_found
FNDA:1,_RNvMNtNtNtNtCsaDmO1IsOFPn_6domain10repository15item_repository34___mock_MockItemRepo_ItemRepository8___deleteNtB2_5Rfunc8call_mut
FNDA:1,_RNvMs0_NtNtNtNtCsaDmO1IsOFPn_6domain10repository15item_repository34___mock_MockItemRepo_ItemRepository8___deleteNtB5_7Matcher7matches
FNDA:1,_RNvMs4_NtNtNtNtCsaDmO1IsOFPn_6domain10repository15item_repository34___mock_MockItemRepo_ItemRepository8___deleteNtB5_6Common15verify_sequence
FNDA:1,_RNvMs4_NtNtNtNtCsaDmO1IsOFPn_6domain10repository15item_repository34___mock_MockItemRepo_ItemRepository8___deleteNtB5_6Common16satisfy_sequence
FNDA:1,_RNvMs4_NtNtNtNtCsaDmO1IsOFPn_6domain10repository15item_repository34___mock_MockItemRepo_ItemRepository8___deleteNtB5_6Common4call
FNDA:1,_RNvMs4_NtNtNtNtCsaDmO1IsOFPn_6domain10repository15item_repository34___mock_MockItemRepo_ItemRepository8___deleteNtB5_6Common7is_done
FNDA:1,_RNvMs4_NtNtNtNtCsaDmO1IsOFPn_6domain10repository15item_repository34___mock_MockItemRepo_ItemRepository8___deleteNtB5_6Common7matches
FNDA:1,_RNvMs6_NtNtNtNtCsaDmO1IsOFPn_6domain10repository15item_repository34___mock_MockItemRepo_ItemRepository8___deleteNtB5_11Expectation4call
FNDA:1,_RNvMs6_NtNtNtNtCsaDmO1IsOFPn_6domain10repository15item_repository34___mock_MockItemRepo_ItemRepository8___deleteNtB5_11Expectation7is_done
FNDA:1,_RNvMs6_NtNtNtNtCsaDmO1IsOFPn_6domain10repository15item_repository34___mock_MockItemRepo_ItemRepository8___deleteNtB5_11Expectation7matches
FNDA:1,_RNvMs8_NtNtNtNtCsaDmO1IsOFPn_6domain10repository15item_repository34___mock_MockItemRepo_ItemRepository8___deleteNtB5_12Expectations6expect
FNDA:1,_RNvMsa_NtNtNtNtCsaDmO1IsOFPn_6domain10repository15item_repository34___mock_MockItemRepo_ItemRepository8___deleteNtB5_12Expectations4call
FNDA:1,_RNvXs1_NtNtNtNtCsaDmO1IsOFPn_6domain10repository15item_repository34___mock_MockItemRepo_ItemRepository8___deleteNtB5_7MatcherNtNtCsfvfooZQ3Axs_4core7default7Default7default
FNDA:1,_RNvXs2_NtNtNtNtCsaDmO1IsOFPn_6domain10repository15item_repository34___mock_MockItemRepo_ItemRepository8___deleteNtB5_7MatcherNtNtCsfvfooZQ3Axs_4core3fmt7Display3fmt
FNDA:1,_RNvXs3_NtNtNtNtCsaDmO1IsOFPn_6domain10repository15item_repository34___mock_MockItemRepo_ItemRepository8___deleteNtB5_6CommonNtNtCsfvfooZQ3Axs_4core7default7Default7default
FNDA:1,_RNvXs7_NtNtNtNtCsaDmO1IsOFPn_6domain10repository15item_repository34___mock_MockItemRepo_ItemRepository8___deleteNtB5_11ExpectationNtNtCsfvfooZQ3Axs_4core7default7Default7default
FNDA:6,_RNvXs9_NtNtNtNtCsaDmO1IsOFPn_6domain10repository15item_repository34___mock_MockItemRepo_ItemRepository8___deleteNtB5_12ExpectationsNtNtCsfvfooZQ3Axs_4core7default7Default7default
FNDA:1,_RNvXs_NtNtNtNtCsaDmO1IsOFPn_6domain10repository15item_repository34___mock_MockItemRepo_ItemRepository8___deleteNtB4_5RfuncNtNtCsfvfooZQ3Axs_4core7default7Default7default
FNDA:1,_RNCNCNvNtNtNtCsaDmO1IsOFPn_6domain10repository15item_repository5testss_19test_create_success00Bb_
FNDA:1,_RNCNCNvNtNtNtCsaDmO1IsOFPn_6domain10repository15item_repository5testss_19test_create_success0s_0Bb_
FNDA:1,_RNCNCNvNtNtNtCsaDmO1IsOFPn_6domain10repository15item_repository5testss_19test_delete_success00Bb_
FNDA:1,_RNCNCNvNtNtNtCsaDmO1IsOFPn_6domain10repository15item_repository5testss_19test_update_success00Bb_
FNDA:1,_RNCNCNvNtNtNtCsaDmO1IsOFPn_6domain10repository15item_repository5testss_19test_update_success0s_0Bb_
FNDA:1,_RNCNCNvNtNtNtCsaDmO1IsOFPn_6domain10repository15item_repository5testss_21test_find_all_success00Bb_
FNDA:1,_RNCNCNvNtNtNtCsaDmO1IsOFPn_6domain10repository15item_repository5testss_21test_find_by_id_found00Bb_
FNDA:1,_RNCNCNvNtNtNtCsaDmO1IsOFPn_6domain10repository15item_repository5testss_25test_find_by_id_not_found00Bb_
FNDA:1,_RNCNvNtNtNtCsaDmO1IsOFPn_6domain10repository15item_repository5testss_19test_create_success0B9_
FNDA:1,_RNCNvNtNtNtCsaDmO1IsOFPn_6domain10repository15item_repository5testss_19test_delete_success0B9_
FNDA:1,_RNCNvNtNtNtCsaDmO1IsOFPn_6domain10repository15item_repository5testss_19test_update_success0B9_
FNDA:1,_RNCNvNtNtNtCsaDmO1IsOFPn_6domain10repository15item_repository5testss_21test_find_all_success0B9_
FNDA:1,_RNCNvNtNtNtCsaDmO1IsOFPn_6domain10repository15item_repository5testss_21test_find_by_id_found0B9_
FNDA:1,_RNCNvNtNtNtCsaDmO1IsOFPn_6domain10repository15item_repository5testss_25test_find_by_id_not_found0B9_
FNDA:2,_RNCNvXs3_NtNtCsaDmO1IsOFPn_6domain10repository15item_repositoryNtB7_12MockItemRepoNtB7_14ItemRepository10find_by_id0Bb_
FNDA:1,_RNCNvXs3_NtNtCsaDmO1IsOFPn_6domain10repository15item_repositoryNtB7_12MockItemRepoNtB7_14ItemRepository6create0Bb_
FNDA:1,_RNCNvXs3_NtNtCsaDmO1IsOFPn_6domain10repository15item_repositoryNtB7_12MockItemRepoNtB7_14ItemRepository6delete0Bb_
FNDA:1,_RNCNvXs3_NtNtCsaDmO1IsOFPn_6domain10repository15item_repositoryNtB7_12MockItemRepoNtB7_14ItemRepository6update0Bb_
FNDA:1,_RNCNvXs3_NtNtCsaDmO1IsOFPn_6domain10repository15item_repositoryNtB7_12MockItemRepoNtB7_14ItemRepository8find_all0Bb_
FNDA:1,_RNvXs5_NtNtNtNtCsaDmO1IsOFPn_6domain10repository15item_repository34___mock_MockItemRepo_ItemRepository10___find_allNtB5_6CommonNtNtNtCsfvfooZQ3Axs_4core3ops4drop4Drop4drop
FNDA:2,_RNvXs5_NtNtNtNtCsaDmO1IsOFPn_6domain10repository15item_repository34___mock_MockItemRepo_ItemRepository12___find_by_idNtB5_6CommonNtNtNtCsfvfooZQ3Axs_4core3ops4drop4Drop4drop
FNDA:1,_RNvXs5_NtNtNtNtCsaDmO1IsOFPn_6domain10repository15item_repository34___mock_MockItemRepo_ItemRepository8___createNtB5_6CommonNtNtNtCsfvfooZQ3Axs_4core3ops4drop4Drop4drop
FNDA:1,_RNvXs5_NtNtNtNtCsaDmO1IsOFPn_6domain10repository15item_repository34___mock_MockItemRepo_ItemRepository8___deleteNtB5_6CommonNtNtNtCsfvfooZQ3Axs_4core3ops4drop4Drop4drop
FNDA:1,_RNvXs5_NtNtNtNtCsaDmO1IsOFPn_6domain10repository15item_repository34___mock_MockItemRepo_ItemRepository8___updateNtB5_6CommonNtNtNtCsfvfooZQ3Axs_4core3ops4drop4Drop4drop
FNDA:2,_RINvMs4_NtNtNtNtCsaDmO1IsOFPn_6domain10repository15item_repository34___mock_MockItemRepo_ItemRepository12___find_by_idNtB6_6Common4withINtNtCs9l2CZqY40TY_10predicates3ord11EqPredicateyEEBe_
FNDA:1,_RINvMs6_NtNtNtNtCsaDmO1IsOFPn_6domain10repository15item_repository34___mock_MockItemRepo_ItemRepository12___find_by_idNtB6_11Expectation11return_onceNCNCNvNtBa_5testss_21test_find_by_id_found00EBe_
FNDA:1,_RINvMs6_NtNtNtNtCsaDmO1IsOFPn_6domain10repository15item_repository34___mock_MockItemRepo_ItemRepository12___find_by_idNtB6_11Expectation11return_onceNCNCNvNtBa_5testss_25test_find_by_id_not_found00EBe_
FNDA:2,_RINvMs6_NtNtNtNtCsaDmO1IsOFPn_6domain10repository15item_repository34___mock_MockItemRepo_ItemRepository12___find_by_idNtB6_11Expectation4withINtNtCs9l2CZqY40TY_10predicates3ord11EqPredicateyEEBe_
FNDA:2,_RNCNvMs0_NtNtNtNtCsaDmO1IsOFPn_6domain10repository15item_repository34___mock_MockItemRepo_ItemRepository12___find_by_idNtB7_7Matcher7matches0Bf_
FNDA:2,_RNCNvMsa_NtNtNtNtCsaDmO1IsOFPn_6domain10repository15item_repository34___mock_MockItemRepo_ItemRepository12___find_by_idNtB7_12Expectations4call0Bf_
FNDA:2,_RNCNvMsa_NtNtNtNtCsaDmO1IsOFPn_6domain10repository15item_repository34___mock_MockItemRepo_ItemRepository12___find_by_idNtB7_12Expectations4calls_0Bf_
FNDA:1,_RINvMs4_NtNtNtNtCsaDmO1IsOFPn_6domain10repository15item_repository34___mock_MockItemRepo_ItemRepository8___updateNtB6_6Common4withINtNtCs9l2CZqY40TY_10predicates8function11FnPredicateNCNCNvNtBa_5testss_19test_update_success00NtNtNtBe_5model4item4ItemEEBe_
[...]
FNDA:4,_RNvMNtNtNtNtNtNtCs1B75dzsrioZ_11rust_webapi12presentation3api12user_handler5tests33___mock_MockUserRep_UserRepository12___find_by_idNtB2_5Rfunc8call_mut
FNDA:4,_RNvMs0_NtNtNtNtNtNtCs1B75dzsrioZ_11rust_webapi12presentation3api12user_handler5tests33___mock_MockUserRep_UserRepository12___find_by_idNtB5_7Matcher7matches
FNDA:4,_RNvMs4_NtNtNtNtNtNtCs1B75dzsrioZ_11rust_webapi12presentation3api12user_handler5tests33___mock_MockUserRep_UserRepository12___find_by_idNtB5_6Common15verify_sequence
FNDA:4,_RNvMs4_NtNtNtNtNtNtCs1B75dzsrioZ_11rust_webapi12presentation3api12user_handler5tests33___mock_MockUserRep_UserRepository12___find_by_idNtB5_6Common16satisfy_sequence
FNDA:4,_RNvMs4_NtNtNtNtNtNtCs1B75dzsrioZ_11rust_webapi12presentation3api12user_handler5tests33___mock_MockUserRep_UserRepository12___find_by_idNtB5_6Common4call
FNDA:4,_RNvMs4_NtNtNtNtNtNtCs1B75dzsrioZ_11rust_webapi12presentation3api12user_handler5tests33___mock_MockUserRep_UserRepository12___find_by_idNtB5_6Common7is_done
FNDA:4,_RNvMs4_NtNtNtNtNtNtCs1B75dzsrioZ_11rust_webapi12presentation3api12user_handler5tests33___mock_MockUserRep_UserRepository12___find_by_idNtB5_6Common7matches
FNDA:4,_RNvMs6_NtNtNtNtNtNtCs1B75dzsrioZ_11rust_webapi12presentation3api12user_handler5tests33___mock_MockUserRep_UserRepository12___find_by_idNtB5_11Expectation4call
FNDA:4,_RNvMs6_NtNtNtNtNtNtCs1B75dzsrioZ_11rust_webapi12presentation3api12user_handler5tests33___mock_MockUserRep_UserRepository12___find_by_idNtB5_11Expectation7is_done
FNDA:4,_RNvMs6_NtNtNtNtNtNtCs1B75dzsrioZ_11rust_webapi12presentation3api12user_handler5tests33___mock_MockUserRep_UserRepository12___find_by_idNtB5_11Expectation7matches
FNDA:4,_RNvMs8_NtNtNtNtNtNtCs1B75dzsrioZ_11rust_webapi12presentation3api12user_handler5tests33___mock_MockUserRep_UserRepository12___find_by_idNtB5_12Expectations6expect
FNDA:4,_RNvMsa_NtNtNtNtNtNtCs1B75dzsrioZ_11rust_webapi12presentation3api12user_handler5tests33___mock_MockUserRep_UserRepository12___find_by_idNtB5_12Expectations4call
FNDA:4,_RNvXs1_NtNtNtNtNtNtCs1B75dzsrioZ_11rust_webapi12presentation3api12user_handler5tests33___mock_MockUserRep_UserRepository12___find_by_idNtB5_7MatcherNtNtCsfvfooZQ3Axs_4core7default7Default7default
FNDA:4,_RNvXs2_NtNtNtNtNtNtCs1B75dzsrioZ_11rust_webapi12presentation3api12user_handler5tests33___mock_MockUserRep_UserRepository12___find_by_idNtB5_7MatcherNtNtCsfvfooZQ3Axs_4core3fmt7Display3fmt
FNDA:4,_RNvXs3_NtNtNtNtNtNtCs1B75dzsrioZ_11rust_webapi12presentation3api12user_handler5tests33___mock_MockUserRep_UserRepository12___find_by_idNtB5_6CommonNtNtCsfvfooZQ3Axs_4core7default7Default7default
FNDA:4,_RNvXs7_NtNtNtNtNtNtCs1B75dzsrioZ_11rust_webapi12presentation3api12user_handler5tests33___mock_MockUserRep_UserRepository12___find_by_idNtB5_11ExpectationNtNtCsfvfooZQ3Axs_4core7default7Default7default
FNDA:8,_RNvXs9_NtNtNtNtNtNtCs1B75dzsrioZ_11rust_webapi12presentation3api12user_handler5tests33___mock_MockUserRep_UserRepository12___find_by_idNtB5_12ExpectationsNtNtCsfvfooZQ3Axs_4core7default7Default7default
FNDA:4,_RNvXs_NtNtNtNtNtNtCs1B75dzsrioZ_11rust_webapi12presentation3api12user_handler5tests33___mock_MockUserRep_UserRepository12___find_by_idNtB4_5RfuncNtNtCsfvfooZQ3Axs_4core7default7Default7default
FNDA:1,_RINvMs4_NtNtNtNtNtNtCs1B75dzsrioZ_11rust_webapi12presentation3api12user_handler5tests33___mock_MockUserRep_UserRepository8___createNtB6_6Common5withfNCNCNvBa_s_16test_create_user00EBi_
FNDA:1,_RINvMs6_NtNtNtNtNtNtCs1B75dzsrioZ_11rust_webapi12presentation3api12user_handler5tests33___mock_MockUserRep_UserRepository8___createNtB6_11Expectation11return_onceNCNCNvBa_s_16test_create_user0s_0EBi_
FNDA:1,_RINvMs6_NtNtNtNtNtNtCs1B75dzsrioZ_11rust_webapi12presentation3api12user_handler5tests33___mock_MockUserRep_UserRepository8___createNtB6_11Expectation5withfNCNCNvBa_s_16test_create_user00EBi_
FNDA:0,_RNCNvMs0_NtNtNtNtNtNtCs1B75dzsrioZ_11rust_webapi12presentation3api12user_handler5tests33___mock_MockUserRep_UserRepository8___createNtB7_7Matcher7matches0Bj_
FNDA:1,_RNCNvMsa_NtNtNtNtNtNtCs1B75dzsrioZ_11rust_webapi12presentation3api12user_handler5tests33___mock_MockUserRep_UserRepository8___createNtB7_12Expectations4call0Bj_
FNDA:1,_RNCNvMsa_NtNtNtNtNtNtCs1B75dzsrioZ_11rust_webapi12presentation3api12user_handler5tests33___mock_MockUserRep_UserRepository8___createNtB7_12Expectations4calls_0Bj_
FNDA:1,_RNvMNtNtNtCs1B75dzsrioZ_11rust_webapi12presentation3api12user_handlerNtB2_11UserHandler11create_user
FNDA:2,_RNvMNtNtNtCs1B75dzsrioZ_11rust_webapi12presentation3api12user_handlerNtB2_11UserHandler11delete_user
FNDA:2,_RNvMNtNtNtCs1B75dzsrioZ_11rust_webapi12presentation3api12user_handlerNtB2_11UserHandler11update_user
FNDA:8,_RNvMNtNtNtCs1B75dzsrioZ_11rust_webapi12presentation3api12user_handlerNtB2_11UserHandler3new
FNDA:2,_RNvMNtNtNtCs1B75dzsrioZ_11rust_webapi12presentation3api12user_handlerNtB2_11UserHandler8get_user
FNDA:1,_RNvMNtNtNtCs1B75dzsrioZ_11rust_webapi12presentation3api12user_handlerNtB2_11UserHandler9get_users
FNDA:1,_RNCNvMNtNtNtCs1B75dzsrioZ_11rust_webapi12presentation3api12user_handlerNtB4_11UserHandler11create_user0Ba_
FNDA:2,_RNCNvMNtNtNtCs1B75dzsrioZ_11rust_webapi12presentation3api12user_handlerNtB4_11UserHandler11delete_user0Ba_
FNDA:2,_RNCNvMNtNtNtCs1B75dzsrioZ_11rust_webapi12presentation3api12user_handlerNtB4_11UserHandler11update_user0Ba_
FNDA:2,_RNCNvMNtNtNtCs1B75dzsrioZ_11rust_webapi12presentation3api12user_handlerNtB4_11UserHandler8get_user0Ba_
FNDA:1,_RNCNvMNtNtNtCs1B75dzsrioZ_11rust_webapi12presentation3api12user_handlerNtB4_11UserHandler9get_users0Ba_
FNDA:1,_RNvMNtNtNtNtNtNtCs1B75dzsrioZ_11rust_webapi12presentation3api12user_handler5tests33___mock_MockUserRep_UserRepository10___find_allNtB2_5Rfunc8call_mut
FNDA:1,_RNvMs0_NtNtNtNtNtNtCs1B75dzsrioZ_11rust_webapi12presentation3api12user_handler5tests33___mock_MockUserRep_UserRepository10___find_allNtB5_7Matcher7matches
FNDA:1,_RNvMs4_NtNtNtNtNtNtCs1B75dzsrioZ_11rust_webapi12presentation3api12user_handler5tests33___mock_MockUserRep_UserRepository10___find_allNtB5_6Common15verify_sequence
FNDA:1,_RNvMs4_NtNtNtNtNtNtCs1B75dzsrioZ_11rust_webapi12presentation3api12user_handler5tests33___mock_MockUserRep_UserRepository10___find_allNtB5_6Common16satisfy_sequence
FNDA:1,_RNvMs4_NtNtNtNtNtNtCs1B75dzsrioZ_11rust_webapi12presentation3api12user_handler5tests33___mock_MockUserRep_UserRepository10___find_allNtB5_6Common4call
FNDA:1,_RNvMs4_NtNtNtNtNtNtCs1B75dzsrioZ_11rust_webapi12presentation3api12user_handler5tests33___mock_MockUserRep_UserRepository10___find_allNtB5_6Common7is_done
FNDA:1,_RNvMs4_NtNtNtNtNtNtCs1B75dzsrioZ_11rust_webapi12presentation3api12user_handler5tests33___mock_MockUserRep_UserRepository10___find_allNtB5_6Common7matches
FNDA:1,_RNvMs6_NtNtNtNtNtNtCs1B75dzsrioZ_11rust_webapi12presentation3api12user_handler5tests33___mock_MockUserRep_UserRepository10___find_allNtB5_11Expectation4call
FNDA:1,_RNvMs6_NtNtNtNtNtNtCs1B75dzsrioZ_11rust_webapi12presentation3api12user_handler5tests33___mock_MockUserRep_UserRepository10___find_allNtB5_11Expectation7is_done
FNDA:1,_RNvMs6_NtNtNtNtNtNtCs1B75dzsrioZ_11rust_webapi12presentation3api12user_handler5tests33___mock_MockUserRep_UserRepository10___find_allNtB5_11Expectation7matches
FNDA:1,_RNvMs8_NtNtNtNtNtNtCs1B75dzsrioZ_11rust_webapi12presentation3api12user_handler5tests33___mock_MockUserRep_UserRepository10___find_allNtB5_12Expectations6expect
FNDA:1,_RNvMsa_NtNtNtNtNtNtCs1B75dzsrioZ_11rust_webapi12presentation3api12user_handler5tests33___mock_MockUserRep_UserRepository10___find_allNtB5_12Expectations4call
FNDA:1,_RNvXs1_NtNtNtNtNtNtCs1B75dzsrioZ_11rust_webapi12presentation3api12user_handler5tests33___mock_MockUserRep_UserRepository10___find_allNtB5_7MatcherNtNtCsfvfooZQ3Axs_4core7default7Default7default
FNDA:1,_RNvXs2_NtNtNtNtNtNtCs1B75dzsrioZ_11rust_webapi12presentation3api12user_handler5tests33___mock_MockUserRep_UserRepository10___find_allNtB5_7MatcherNtNtCsfvfooZQ3Axs_4core3fmt7Display3fmt
FNDA:1,_RNvXs3_NtNtNtNtNtNtCs1B75dzsrioZ_11rust_webapi12presentation3api12user_handler5tests33___mock_MockUserRep_UserRepository10___find_allNtB5_6CommonNtNtCsfvfooZQ3Axs_4core7default7Default7default
FNDA:1,_RNvXs7_NtNtNtNtNtNtCs1B75dzsrioZ_11rust_webapi12presentation3api12user_handler5tests33___mock_MockUserRep_UserRepository10___find_allNtB5_11ExpectationNtNtCsfvfooZQ3Axs_4core7default7Default7default
FNDA:8,_RNvXs9_NtNtNtNtNtNtCs1B75dzsrioZ_11rust_webapi12presentation3api12user_handler5tests33___mock_MockUserRep_UserRepository10___find_allNtB5_12ExpectationsNtNtCsfvfooZQ3Axs_4core7default7Default7default
FNDA:1,_RNvXs_NtNtNtNtNtNtCs1B75dzsrioZ_11rust_webapi12presentation3api12user_handler5tests33___mock_MockUserRep_UserRepository10___find_allNtB4_5RfuncNtNtCsfvfooZQ3Axs_4core7default7Default7default
FNDA:8,_RNvMs1_NtNtNtNtCs1B75dzsrioZ_11rust_webapi12presentation3api12user_handler5testsNtB5_11MockUserRep3new
FNDA:1,_RNvMs2_NtNtNtNtCs1B75dzsrioZ_11rust_webapi12presentation3api12user_handler5testsNtB5_11MockUserRep13expect_create
FNDA:2,_RNvMs2_NtNtNtNtCs1B75dzsrioZ_11rust_webapi12presentation3api12user_handler5testsNtB5_11MockUserRep13expect_delete
FNDA:1,_RNvMs2_NtNtNtNtCs1B75dzsrioZ_11rust_webapi12presentation3api12user_handler5testsNtB5_11MockUserRep13expect_update
FNDA:1,_RNvMs2_NtNtNtNtCs1B75dzsrioZ_11rust_webapi12presentation3api12user_handler5testsNtB5_11MockUserRep15expect_find_all
FNDA:4,_RNvMs2_NtNtNtNtCs1B75dzsrioZ_11rust_webapi12presentation3api12user_handler5testsNtB5_11MockUserRep17expect_find_by_id
FNDA:8,_RNvXNtNtNtNtCs1B75dzsrioZ_11rust_webapi12presentation3api12user_handler5testsNtB2_11MockUserRepNtNtCsfvfooZQ3Axs_4core7default7Default7default
FNDA:4,_RNvXs3_NtNtNtNtCs1B75dzsrioZ_11rust_webapi12presentation3api12user_handler5testsNtB5_11MockUserRepNtNtNtCs8Y1garwNj5t_6domain10repository15user_repository14UserRepository10find_by_id
FNDA:1,_RNvXs3_NtNtNtNtCs1B75dzsrioZ_11rust_webapi12presentation3api12user_handler5testsNtB5_11MockUserRepNtNtNtCs8Y1garwNj5t_6domain10repository15user_repository14UserRepository6create
FNDA:2,_RNvXs3_NtNtNtNtCs1B75dzsrioZ_11rust_webapi12presentation3api12user_handler5testsNtB5_11MockUserRepNtNtNtCs8Y1garwNj5t_6domain10repository15user_repository14UserRepository6delete
FNDA:1,_RNvXs3_NtNtNtNtCs1B75dzsrioZ_11rust_webapi12presentation3api12user_handler5testsNtB5_11MockUserRepNtNtNtCs8Y1garwNj5t_6domain10repository15user_repository14UserRepository6update
FNDA:1,_RNvXs3_NtNtNtNtCs1B75dzsrioZ_11rust_webapi12presentation3api12user_handler5testsNtB5_11MockUserRepNtNtNtCs8Y1garwNj5t_6domain10repository15user_repository14UserRepository8find_all
FNDA:8,_RNvXs_NtNtNtNtCs1B75dzsrioZ_11rust_webapi12presentation3api12user_handler5testsNtB4_26MockUserRep_UserRepositoryNtNtCsfvfooZQ3Axs_4core7default7Default7default
FNDA:1,_RINvMs4_NtNtNtNtNtNtCs1B75dzsrioZ_11rust_webapi12presentation3api12user_handler5tests33___mock_MockUserRep_UserRepository8___updateNtB6_6Common5withfNCNCNvBa_s_22test_update_user_found0s_0EBi_
FNDA:1,_RINvMs6_NtNtNtNtNtNtCs1B75dzsrioZ_11rust_webapi12presentation3api12user_handler5tests33___mock_MockUserRep_UserRepository8___updateNtB6_11Expectation11return_onceNCNCNvBa_s_22test_update_user_found0s0_0EBi_
FNDA:1,_RINvMs6_NtNtNtNtNtNtCs1B75dzsrioZ_11rust_webapi12presentation3api12user_handler5tests33___mock_MockUserRep_UserRepository8___updateNtB6_11Expectation5withfNCNCNvBa_s_22test_update_user_found0s_0EBi_
FNDA:0,_RNCNvMs0_NtNtNtNtNtNtCs1B75dzsrioZ_11rust_webapi12presentation3api12user_handler5tests33___mock_MockUserRep_UserRepository8___updateNtB7_7Matcher7matches0Bj_
FNDA:1,_RNCNvMsa_NtNtNtNtNtNtCs1B75dzsrioZ_11rust_webapi12presentation3api12user_handler5tests33___mock_MockUserRep_UserRepository8___updateNtB7_12Expectations4call0Bj_
FNDA:1,_RNCNvMsa_NtNtNtNtNtNtCs1B75dzsrioZ_11rust_webapi12presentation3api12user_handler5tests33___mock_MockUserRep_UserRepository8___updateNtB7_12Expectations4calls_0Bj_
FNDA:1,_RNvMNtNtNtNtNtNtCs1B75dzsrioZ_11rust_webapi12presentation3api12user_handler5tests33___mock_MockUserRep_UserRepository8___updateNtB2_5Rfunc8call_mut
FNDA:1,_RNvMs0_NtNtNtNtNtNtCs1B75dzsrioZ_11rust_webapi12presentation3api12user_handler5tests33___mock_MockUserRep_UserRepository8___updateNtB5_7Matcher7matches
FNDA:1,_RNvMs4_NtNtNtNtNtNtCs1B75dzsrioZ_11rust_webapi12presentation3api12user_handler5tests33___mock_MockUserRep_UserRepository8___updateNtB5_6Common15verify_sequence
FNDA:1,_RNvMs4_NtNtNtNtNtNtCs1B75dzsrioZ_11rust_webapi12presentation3api12user_handler5tests33___mock_MockUserRep_UserRepository8___updateNtB5_6Common16satisfy_sequence
FNDA:1,_RNvMs4_NtNtNtNtNtNtCs1B75dzsrioZ_11rust_webapi12presentation3api12user_handler5tests33___mock_MockUserRep_UserRepository8___updateNtB5_6Common4call
FNDA:1,_RNvMs4_NtNtNtNtNtNtCs1B75dzsrioZ_11rust_webapi12presentation3api12user_handler5tests33___mock_MockUserRep_UserRepository8___updateNtB5_6Common7is_done
FNDA:1,_RNvMs4_NtNtNtNtNtNtCs1B75dzsrioZ_11rust_webapi12presentation3api12user_handler5tests33___mock_MockUserRep_UserRepository8___updateNtB5_6Common7matches
FNDA:1,_RNvMs6_NtNtNtNtNtNtCs1B75dzsrioZ_11rust_webapi12presentation3api12user_handler5tests33___mock_MockUserRep_UserRepository8___updateNtB5_11Expectation4call
FNDA:1,_RNvMs6_NtNtNtNtNtNtCs1B75dzsrioZ_11rust_webapi12presentation3api12user_handler5tests33___mock_MockUserRep_UserRepository8___updateNtB5_11Expectation7is_done
FNDA:1,_RNvMs6_NtNtNtNtNtNtCs1B75dzsrioZ_11rust_webapi12presentation3api12user_handler5tests33___mock_MockUserRep_UserRepository8___updateNtB5_11Expectation7matches
FNDA:1,_RNvMs8_NtNtNtNtNtNtCs1B75dzsrioZ_11rust_webapi12presentation3api12user_handler5tests33___mock_MockUserRep_UserRepository8___updateNtB5_12Expectations6expect
FNDA:1,_RNvMsa_NtNtNtNtNtNtCs1B75dzsrioZ_11rust_webapi12presentation3api12user_handler5tests33___mock_MockUserRep_UserRepository8___updateNtB5_12Expectations4call
FNDA:1,_RNvXs1_NtNtNtNtNtNtCs1B75dzsrioZ_11rust_webapi12presentation3api12user_handler5tests33___mock_MockUserRep_UserRepository8___updateNtB5_7MatcherNtNtCsfvfooZQ3Axs_4core7default7Default7default
FNDA:1,_RNvXs2_NtNtNtNtNtNtCs1B75dzsrioZ_11rust_webapi12presentation3api12user_handler5tests33___mock_MockUserRep_UserRepository8___updateNtB5_7MatcherNtNtCsfvfooZQ3Axs_4core3fmt7Display3fmt
FNDA:1,_RNvXs3_NtNtNtNtNtNtCs1B75dzsrioZ_11rust_webapi12presentation3api12user_handler5tests33___mock_MockUserRep_UserRepository8___updateNtB5_6CommonNtNtCsfvfooZQ3Axs_4core7default7Default7default
FNDA:1,_RNvXs7_NtNtNtNtNtNtCs1B75dzsrioZ_11rust_webapi12presentation3api12user_handler5tests33___mock_MockUserRep_UserRepository8___updateNtB5_11ExpectationNtNtCsfvfooZQ3Axs_4core7default7Default7default
FNDA:8,_RNvXs9_NtNtNtNtNtNtCs1B75dzsrioZ_11rust_webapi12presentation3api12user_handler5tests33___mock_MockUserRep_UserRepository8___updateNtB5_12ExpectationsNtNtCsfvfooZQ3Axs_4core7default7Default7default
FNDA:1,_RNvXs_NtNtNtNtNtNtCs1B75dzsrioZ_11rust_webapi12presentation3api12user_handler5tests33___mock_MockUserRep_UserRepository8___updateNtB4_5RfuncNtNtCsfvfooZQ3Axs_4core7default7Default7default
FNDA:1,_RNvXs5_NtNtNtNtNtNtCs1B75dzsrioZ_11rust_webapi12presentation3api12user_handler5tests33___mock_MockUserRep_UserRepository10___find_allNtB5_6CommonNtNtNtCsfvfooZQ3Axs_4core3ops4drop4Drop4drop
FNDA:4,_RNvXs5_NtNtNtNtNtNtCs1B75dzsrioZ_11rust_webapi12presentation3api12user_handler5tests33___mock_MockUserRep_UserRepository12___find_by_idNtB5_6CommonNtNtNtCsfvfooZQ3Axs_4core3ops4drop4Drop4drop
FNDA:1,_RNvXs5_NtNtNtNtNtNtCs1B75dzsrioZ_11rust_webapi12presentation3api12user_handler5tests33___mock_MockUserRep_UserRepository8___createNtB5_6CommonNtNtNtCsfvfooZQ3Axs_4core3ops4drop4Drop4drop
FNDA:2,_RNvXs5_NtNtNtNtNtNtCs1B75dzsrioZ_11rust_webapi12presentation3api12user_handler5tests33___mock_MockUserRep_UserRepository8___deleteNtB5_6CommonNtNtNtCsfvfooZQ3Axs_4core3ops4drop4Drop4drop
FNDA:1,_RNvXs5_NtNtNtNtNtNtCs1B75dzsrioZ_11rust_webapi12presentation3api12user_handler5tests33___mock_MockUserRep_UserRepository8___updateNtB5_6CommonNtNtNtCsfvfooZQ3Axs_4core3ops4drop4Drop4drop
FNDA:1,_RNvMNtNtNtNtNtNtCs1B75dzsrioZ_11rust_webapi12presentation3api12user_handler5tests33___mock_MockUserRep_UserRepository8___createNtB2_5Rfunc8call_mut
FNDA:1,_RNvMs0_NtNtNtNtNtNtCs1B75dzsrioZ_11rust_webapi12presentation3api12user_handler5tests33___mock_MockUserRep_UserRepository8___createNtB5_7Matcher7matches
FNDA:1,_RNvMs4_NtNtNtNtNtNtCs1B75dzsrioZ_11rust_webapi12presentation3api12user_handler5tests33___mock_MockUserRep_UserRepository8___createNtB5_6Common15verify_sequence
FNDA:1,_RNvMs4_NtNtNtNtNtNtCs1B75dzsrioZ_11rust_webapi12presentation3api12user_handler5tests33___mock_MockUserRep_UserRepository8___createNtB5_6Common16satisfy_sequence
FNDA:1,_RNvMs4_NtNtNtNtNtNtCs1B75dzsrioZ_11rust_webapi12presentation3api12user_handler5tests33___mock_MockUserRep_UserRepository8___createNtB5_6Common4call
FNDA:1,_RNvMs4_NtNtNtNtNtNtCs1B75dzsrioZ_11rust_webapi12presentation3api12user_handler5tests33___mock_MockUserRep_UserRepository8___createNtB5_6Common7is_done
FNDA:1,_RNvMs4_NtNtNtNtNtNtCs1B75dzsrioZ_11rust_webapi12presentation3api12user_handler5tests33___mock_MockUserRep_UserRepository8___createNtB5_6Common7matches
FNDA:1,_RNvMs6_NtNtNtNtNtNtCs1B75dzsrioZ_11rust_webapi12presentation3api12user_handler5tests33___mock_MockUserRep_UserRepository8___createNtB5_11Expectation4call
FNDA:1,_RNvMs6_NtNtNtNtNtNtCs1B75dzsrioZ_11rust_webapi12presentation3api12user_handler5tests33___mock_MockUserRep_UserRepository8___createNtB5_11Expectation7is_done
FNDA:1,_RNvMs6_NtNtNtNtNtNtCs1B75dzsrioZ_11rust_webapi12presentation3api12user_handler5tests33___mock_MockUserRep_UserRepository8___createNtB5_11Expectation7matches
FNDA:1,_RNvMs8_NtNtNtNtNtNtCs1B75dzsrioZ_11rust_webapi12presentation3api12user_handler5tests33___mock_MockUserRep_UserRepository8___createNtB5_12Expectations6expect
FNDA:1,_RNvMsa_NtNtNtNtNtNtCs1B75dzsrioZ_11rust_webapi12presentation3api12user_handler5tests33___mock_MockUserRep_UserRepository8___createNtB5_12Expectations4call
FNDA:1,_RNvXs1_NtNtNtNtNtNtCs1B75dzsrioZ_11rust_webapi12presentation3api12user_handler5tests33___mock_MockUserRep_UserRepository8___createNtB5_7MatcherNtNtCsfvfooZQ3Axs_4core7default7Default7default
FNDA:1,_RNvXs2_NtNtNtNtNtNtCs1B75dzsrioZ_11rust_webapi12presentation3api12user_handler5tests33___mock_MockUserRep_UserRepository8___createNtB5_7MatcherNtNtCsfvfooZQ3Axs_4core3fmt7Display3fmt
FNDA:1,_RNvXs3_NtNtNtNtNtNtCs1B75dzsrioZ_11rust_webapi12presentation3api12user_handler5tests33___mock_MockUserRep_UserRepository8___createNtB5_6CommonNtNtCsfvfooZQ3Axs_4core7default7Default7default
FNDA:1,_RNvXs7_NtNtNtNtNtNtCs1B75dzsrioZ_11rust_webapi12presentation3api12user_handler5tests33___mock_MockUserRep_UserRepository8___createNtB5_11ExpectationNtNtCsfvfooZQ3Axs_4core7default7Default7default
FNDA:8,_RNvXs9_NtNtNtNtNtNtCs1B75dzsrioZ_11rust_webapi12presentation3api12user_handler5tests33___mock_MockUserRep_UserRepository8___createNtB5_12ExpectationsNtNtCsfvfooZQ3Axs_4core7default7Default7default
FNDA:1,_RNvXs_NtNtNtNtNtNtCs1B75dzsrioZ_11rust_webapi12presentation3api12user_handler5tests33___mock_MockUserRep_UserRepository8___createNtB4_5RfuncNtNtCsfvfooZQ3Axs_4core7default7Default7default
FNF:24
FNH:24
DA:13,8
DA:14,8
DA:15,8
DA:17,1
DA:18,1
DA:19,1
DA:20,1
DA:21,1
DA:23,2
DA:24,2
DA:25,2
DA:26,2
DA:27,2
DA:28,2
DA:29,1
DA:30,1
DA:31,1
DA:34,1
DA:35,1
DA:38,2
DA:40,1
DA:41,1
DA:42,1
DA:43,1
DA:44,1
DA:45,1
DA:46,1
DA:47,1
DA:49,2
DA:50,2
DA:51,2
DA:52,2
DA:53,2
DA:54,2
DA:55,2
DA:56,1
DA:57,1
DA:58,1
DA:61,1
DA:62,1
DA:65,2
DA:67,2
DA:68,2
DA:69,2
DA:70,2
DA:71,2
DA:72,2
DA:73,1
DA:74,1
DA:76,1
DA:77,1
DA:79,2
DA:91,194
DA:92,194
DA:93,194
DA:94,194
DA:95,194
DA:96,194
DA:97,194
DA:98,194
DA:99,194
DA:100,194
DA:101,194
DA:107,1
DA:108,1
DA:109,1
DA:110,1
DA:111,1
DA:112,1
DA:128,1
DA:129,1
DA:130,1
DA:131,1
DA:132,1
DA:149,1
DA:170,1
DA:171,1
DA:172,1
DA:173,1
DA:174,1
DA:175,1
DA:176,1
DA:177,1
DA:205,1
DA:206,1
DA:207,1
DA:208,1
DA:209,1
DA:212,1
DA:213,1
DA:214,1
DA:215,1
DA:216,1
DA:217,1
DA:240,1
DA:258,1
DA:275,1
BRF:0
BRH:0
LF:103
LH:103
end_of_record